#
# There is insufficient memory for the Java Runtime Environment to continue.
# Native memory allocation (malloc) failed to allocate 514656 bytes for Chunk::new
# Possible reasons:
#   The system is out of physical RAM or swap space
#   The process is running with CompressedOops enabled, and the Java Heap may be blocking the growth of the native heap
# Possible solutions:
#   Reduce memory load on the system
#   Increase physical memory or swap space
#   Check if swap backing store is full
#   Decrease Java heap size (-Xmx/-Xms)
#   Decrease number of Java threads
#   Decrease Java thread stack sizes (-Xss)
#   Set larger code cache with -XX:ReservedCodeCacheSize=
#   JVM is running with Unscaled Compressed Oops mode in which the Java heap is
#     placed in the first 4GB address space. The Java Heap base address is the
#     maximum limit for the native heap growth. Please use -XX:HeapBaseMinAddress
#     to set the Java Heap base and to place the Java Heap above 4GB virtual address.
# This output file may be truncated or incomplete.
#
#  Out of Memory Error (arena.cpp:189), pid=3892, tid=5692
#
# JRE version: OpenJDK Runtime Environment Temurin-17.0.1+12 (17.0.1+12) (build 17.0.1+12)
# Java VM: OpenJDK 64-Bit Server VM Temurin-17.0.1+12 (17.0.1+12, mixed mode, tiered, compressed oops, compressed class ptrs, parallel gc, windows-amd64)
# No core dump will be written. Minidumps are not enabled by default on client versions of Windows
#

---------------  S U M M A R Y ------------

Command Line: --add-modules=ALL-SYSTEM --add-opens=java.base/java.util=ALL-UNNAMED --add-opens=java.base/java.lang=ALL-UNNAMED --add-opens=java.base/sun.nio.fs=ALL-UNNAMED -Declipse.application=org.eclipse.jdt.ls.core.id1 -Dosgi.bundles.defaultStartLevel=4 -Declipse.product=org.eclipse.jdt.ls.core.product -Djava.import.generatesMetadataFilesAtProjectRoot=false -Dfile.encoding=utf8 -DwatchParentProcess=false -XX:+UseParallelGC -XX:GCTimeRatio=4 -XX:AdaptiveSizePolicyWeight=90 -Dsun.zip.disableMemoryMapping=true -Xmx1G -Xms100m -XX:+HeapDumpOnOutOfMemoryError -XX:HeapDumpPath=c:\Users\LENOVO\AppData\Roaming\Code\User\workspaceStorage\be547b9790f432278a1aba5013de16f3\redhat.java c:\Users\LENOVO\.vscode\extensions\redhat.java-1.3.0\server\plugins\org.eclipse.equinox.launcher_1.6.400.v20210924-0641.jar -configuration c:\Users\LENOVO\AppData\Roaming\Code\User\globalStorage\redhat.java\1.3.0\config_win -data c:\Users\LENOVO\AppData\Roaming\Code\User\workspaceStorage\be547b9790f432278a1aba5013de16f3\redhat.java\jdt_ws

Host: Intel(R) Core(TM) i3-6100U CPU @ 2.30GHz, 4 cores, 5G,  Windows 10 , 64 bit Build 18362 (10.0.18362.1500)
Time: Mon Jan 31 15:23:09 2022 Hora estándar, América Central elapsed time: 18.346062 seconds (0d 0h 0m 18s)

---------------  T H R E A D  ---------------

Current thread (0x00000298d6f67620):  JavaThread "C2 CompilerThread1" daemon [_thread_in_native, id=5692, stack(0x000000b402f00000,0x000000b403000000)]


Current CompileTask:
C2:  18346 4885       4       org.eclipse.jdt.internal.compiler.lookup.BinaryTypeBinding::createMethod (1687 bytes)

Stack: [0x000000b402f00000,0x000000b403000000]
Native frames: (J=compiled Java code, j=interpreted, Vv=VM code, C=native code)
V  [jvm.dll+0x6744da]
V  [jvm.dll+0x82e144]
V  [jvm.dll+0x82f8ee]
V  [jvm.dll+0x82ff53]
V  [jvm.dll+0x245175]
V  [jvm.dll+0xab85b]
V  [jvm.dll+0xabdec]
V  [jvm.dll+0x2abf6f]
V  [jvm.dll+0x57b849]
V  [jvm.dll+0x22022d]
V  [jvm.dll+0x219711]
V  [jvm.dll+0x217345]
V  [jvm.dll+0x1a355d]
V  [jvm.dll+0x226e38]
V  [jvm.dll+0x224f7c]
V  [jvm.dll+0x7e3f5b]
V  [jvm.dll+0x7de51a]
V  [jvm.dll+0x673305]
C  [ucrtbase.dll+0x210b2]
C  [KERNEL32.DLL+0x17c24]
C  [ntdll.dll+0x6d721]


---------------  P R O C E S S  ---------------

Threads class SMR info:
_java_thread_list=0x00000298d6a90430, length=27, elements={
0x00000298bf211920, 0x00000298d3020b60, 0x00000298d30218e0, 0x00000298d304c270,
0x00000298d304cd30, 0x00000298d304d7f0, 0x00000298d30500c0, 0x00000298d3050cb0,
0x00000298d30646d0, 0x00000298d4a423f0, 0x00000298d2f10a50, 0x00000298d4c640a0,
0x00000298d51e6190, 0x00000298d5276af0, 0x00000298d5276fc0, 0x00000298d52e0830,
0x00000298d604deb0, 0x00000298d52dcfd0, 0x00000298d50b5190, 0x00000298d50b7810,
0x00000298d50b4320, 0x00000298d50b5b30, 0x00000298d50b6000, 0x00000298d50b7ce0,
0x00000298d50b5660, 0x00000298d6f67620, 0x00000298d50b7340
}

Java Threads: ( => current thread )
  0x00000298bf211920 JavaThread "main" [_thread_blocked, id=10936, stack(0x000000b401100000,0x000000b401200000)]
  0x00000298d3020b60 JavaThread "Reference Handler" daemon [_thread_blocked, id=6904, stack(0x000000b401400000,0x000000b401500000)]
  0x00000298d30218e0 JavaThread "Finalizer" daemon [_thread_blocked, id=9356, stack(0x000000b401500000,0x000000b401600000)]
  0x00000298d304c270 JavaThread "Signal Dispatcher" daemon [_thread_blocked, id=1328, stack(0x000000b401600000,0x000000b401700000)]
  0x00000298d304cd30 JavaThread "Attach Listener" daemon [_thread_blocked, id=1528, stack(0x000000b401700000,0x000000b401800000)]
  0x00000298d304d7f0 JavaThread "Service Thread" daemon [_thread_blocked, id=11088, stack(0x000000b401800000,0x000000b401900000)]
  0x00000298d30500c0 JavaThread "Monitor Deflation Thread" daemon [_thread_blocked, id=7564, stack(0x000000b401900000,0x000000b401a00000)]
  0x00000298d3050cb0 JavaThread "C2 CompilerThread0" daemon [_thread_blocked, id=3452, stack(0x000000b401a00000,0x000000b401b00000)]
  0x00000298d30646d0 JavaThread "C1 CompilerThread0" daemon [_thread_blocked, id=8288, stack(0x000000b401b00000,0x000000b401c00000)]
  0x00000298d4a423f0 JavaThread "Sweeper thread" daemon [_thread_blocked, id=4696, stack(0x000000b401c00000,0x000000b401d00000)]
  0x00000298d2f10a50 JavaThread "Common-Cleaner" daemon [_thread_blocked, id=1880, stack(0x000000b401d00000,0x000000b401e00000)]
  0x00000298d4c640a0 JavaThread "Notification Thread" daemon [_thread_blocked, id=3960, stack(0x000000b401e00000,0x000000b401f00000)]
  0x00000298d51e6190 JavaThread "Active Thread: Equinox Container: 7f21ee08-a3a7-4a6e-81cd-7321c8990b93" [_thread_blocked, id=4636, stack(0x000000b402100000,0x000000b402200000)]
  0x00000298d5276af0 JavaThread "Framework Event Dispatcher: Equinox Container: 7f21ee08-a3a7-4a6e-81cd-7321c8990b93" daemon [_thread_blocked, id=10452, stack(0x000000b402000000,0x000000b402100000)]
  0x00000298d5276fc0 JavaThread "Start Level: Equinox Container: 7f21ee08-a3a7-4a6e-81cd-7321c8990b93" daemon [_thread_blocked, id=10064, stack(0x000000b402200000,0x000000b402300000)]
  0x00000298d52e0830 JavaThread "SCR Component Actor" daemon [_thread_blocked, id=7268, stack(0x000000b402600000,0x000000b402700000)]
  0x00000298d604deb0 JavaThread "Bundle File Closer" daemon [_thread_blocked, id=6056, stack(0x000000b402900000,0x000000b402a00000)]
  0x00000298d52dcfd0 JavaThread "Worker-JM" [_thread_blocked, id=9448, stack(0x000000b402800000,0x000000b402900000)]
  0x00000298d50b5190 JavaThread "Worker-0" [_thread_blocked, id=5720, stack(0x000000b402a00000,0x000000b402b00000)]
  0x00000298d50b7810 JavaThread "Worker-1: Building" [_thread_blocked, id=2456, stack(0x000000b402b00000,0x000000b402c00000)]
  0x00000298d50b4320 JavaThread "Worker-2" [_thread_blocked, id=3392, stack(0x000000b402c00000,0x000000b402d00000)]
  0x00000298d50b5b30 JavaThread "Java indexing" daemon [_thread_blocked, id=10972, stack(0x000000b402d00000,0x000000b402e00000)]
  0x00000298d50b6000 JavaThread "pool-2-thread-1" [_thread_in_native, id=4012, stack(0x000000b402e00000,0x000000b402f00000)]
  0x00000298d50b7ce0 JavaThread "Worker-3" [_thread_blocked, id=7684, stack(0x000000b402700000,0x000000b402800000)]
  0x00000298d50b5660 JavaThread "Worker-4" [_thread_blocked, id=756, stack(0x000000b403000000,0x000000b403100000)]
=>0x00000298d6f67620 JavaThread "C2 CompilerThread1" daemon [_thread_in_native, id=5692, stack(0x000000b402f00000,0x000000b403000000)]
  0x00000298d50b7340 JavaThread "Compiler Processing Task" daemon [_thread_in_Java, id=4144, stack(0x000000b403100000,0x000000b403200000)]

Other Threads:
  0x00000298d3006c80 VMThread "VM Thread" [stack: 0x000000b401300000,0x000000b401400000] [id=9488]
  0x00000298d4bfa1f0 WatcherThread [stack: 0x000000b401f00000,0x000000b402000000] [id=8408]
  0x00000298bf229a90 GCTaskThread "GC Thread#0" [stack: 0x000000b401200000,0x000000b401300000] [id=2544]
  0x00000298bd20ae10 GCTaskThread "GC Thread#1" [stack: 0x000000b402300000,0x000000b402400000] [id=9208]
  0x00000298d5250cc0 GCTaskThread "GC Thread#2" [stack: 0x000000b402400000,0x000000b402500000] [id=8456]
  0x00000298d4e8abe0 GCTaskThread "GC Thread#3" [stack: 0x000000b402500000,0x000000b402600000] [id=2792]

Threads with active compile tasks:
C2 CompilerThread1    18407 4885       4       org.eclipse.jdt.internal.compiler.lookup.BinaryTypeBinding::createMethod (1687 bytes)

VM state: not at safepoint (normal execution)

VM Mutex/Monitor currently owned by a thread:  ([mutex/lock_event])
[0x00000298bf20cca0] CompiledIC_lock - owner thread: 0x0000000000000000

Heap address: 0x00000000c0000000, size: 1024 MB, Compressed Oops mode: 32-bit

CDS archive(s) not mapped
Compressed class space mapped at: 0x0000000100000000-0x0000000140000000, reserved size: 1073741824
Narrow klass base: 0x0000000000000000, Narrow klass shift: 3, Narrow klass range: 0x140000000

GC Precious Log:
 CPUs: 4 total, 4 available
 Memory: 6017M
 Large Page Support: Disabled
 NUMA Support: Disabled
 Compressed Oops: Enabled (32-bit)
 Alignments: Space 512K, Generation 512K, Heap 2M
 Heap Min Capacity: 100M
 Heap Initial Capacity: 100M
 Heap Max Capacity: 1G
 Pre-touch: Disabled
 Parallel Workers: 4

Heap:
 PSYoungGen      total 24576K, used 22345K [0x00000000eab00000, 0x00000000ec900000, 0x0000000100000000)
  eden space 22016K, 89% used [0x00000000eab00000,0x00000000ebe56628,0x00000000ec080000)
  from space 2560K, 99% used [0x00000000ec680000,0x00000000ec8fc010,0x00000000ec900000)
  to   space 3072K, 0% used [0x00000000ec300000,0x00000000ec300000,0x00000000ec600000)
 ParOldGen       total 68608K, used 26821K [0x00000000c0000000, 0x00000000c4300000, 0x00000000eab00000)
  object space 68608K, 39% used [0x00000000c0000000,0x00000000c1a314f0,0x00000000c4300000)
 Metaspace       used 50998K, committed 51840K, reserved 1097728K
  class space    used 5492K, committed 5888K, reserved 1048576K

Card table byte_map: [0x00000298bebc0000,0x00000298bedd0000] _byte_map_base: 0x00000298be5c0000

Marking Bits: (ParMarkBitMap*) 0x00007fff56792a60
 Begin Bits: [0x00000298d0e90000, 0x00000298d1e90000)
 End Bits:   [0x00000298d1e90000, 0x00000298d2e90000)

Polling page: 0x00000298bd0b0000

Metaspace:

Usage:
  Non-class:     44.44 MB used.
      Class:      5.36 MB used.
       Both:     49.80 MB used.

Virtual space:
  Non-class space:       48.00 MB reserved,      44.88 MB ( 93%) committed,  6 nodes.
      Class space:        1.00 GB reserved,       5.75 MB ( <1%) committed,  1 nodes.
             Both:        1.05 GB reserved,      50.63 MB (  5%) committed. 

Chunk freelists:
   Non-Class:  2.84 MB
       Class:  2.12 MB
        Both:  4.97 MB

MaxMetaspaceSize: unlimited
CompressedClassSpaceSize: 1.00 GB
Initial GC threshold: 21.00 MB
Current GC threshold: 58.38 MB
CDS: off
MetaspaceReclaimPolicy: balanced
 - commit_granule_bytes: 65536.
 - commit_granule_words: 8192.
 - virtual_space_node_default_size: 1048576.
 - enlarge_chunks_in_place: 1.
 - new_chunks_are_fully_committed: 0.
 - uncommit_free_chunks: 1.
 - use_allocation_guard: 0.
 - handle_deallocations: 1.


Internal statistics:

num_allocs_failed_limit: 6.
num_arena_births: 316.
num_arena_deaths: 0.
num_vsnodes_births: 7.
num_vsnodes_deaths: 0.
num_space_committed: 810.
num_space_uncommitted: 0.
num_chunks_returned_to_freelist: 6.
num_chunks_taken_from_freelist: 2136.
num_chunk_merges: 6.
num_chunk_splits: 1400.
num_chunks_enlarged: 917.
num_purges: 0.
num_inconsistent_stats: 0.

CodeHeap 'non-profiled nmethods': size=120000Kb used=2685Kb max_used=2685Kb free=117314Kb
 bounds [0x00000298c9960000, 0x00000298c9c00000, 0x00000298d0e90000]
CodeHeap 'profiled nmethods': size=120000Kb used=10539Kb max_used=10539Kb free=109460Kb
 bounds [0x00000298c2430000, 0x00000298c2e80000, 0x00000298c9960000]
CodeHeap 'non-nmethods': size=5760Kb used=1289Kb max_used=1365Kb free=4470Kb
 bounds [0x00000298c1e90000, 0x00000298c2100000, 0x00000298c2430000]
 total_blobs=5474 nmethods=4857 adapters=531
 compilation: disabled (not enough contiguous free space left)
              stopped_count=1, restarted_count=0
 full_count=1

Compilation events (20 events):
Event: 18.280 Thread 0x00000298d30646d0 nmethod 4876 0x00000298c2e6af10 code [0x00000298c2e6b0a0, 0x00000298c2e6b2b8]
Event: 18.280 Thread 0x00000298d30646d0 4877   !   3       java.nio.channels.spi.AbstractInterruptibleChannel::close (37 bytes)
Event: 18.280 Thread 0x00000298d30646d0 nmethod 4877 0x00000298c2e6b390 code [0x00000298c2e6b540, 0x00000298c2e6b888]
Event: 18.282 Thread 0x00000298d30646d0 4878       3       org.eclipse.jdt.internal.compiler.lookup.ReferenceBinding::<init> (5 bytes)
Event: 18.283 Thread 0x00000298d30646d0 nmethod 4878 0x00000298c2e6b990 code [0x00000298c2e6bb40, 0x00000298c2e6bd98]
Event: 18.283 Thread 0x00000298d30646d0 4879       3       org.eclipse.jdt.internal.compiler.lookup.FieldBinding::<init> (21 bytes)
Event: 18.284 Thread 0x00000298d30646d0 nmethod 4879 0x00000298c2e6be90 code [0x00000298c2e6c020, 0x00000298c2e6c1a8]
Event: 18.285 Thread 0x00000298d30646d0 4880       3       org.eclipse.jdt.internal.compiler.lookup.TypeBinding::hasTypeAnnotations (17 bytes)
Event: 18.285 Thread 0x00000298d30646d0 nmethod 4880 0x00000298c2e6c290 code [0x00000298c2e6c420, 0x00000298c2e6c5b8]
Event: 18.285 Thread 0x00000298d30646d0 4881       3       org.eclipse.jdt.internal.compiler.lookup.BinaryTypeBinding::kind (31 bytes)
Event: 18.286 Thread 0x00000298d30646d0 nmethod 4881 0x00000298c2e6c690 code [0x00000298c2e6c860, 0x00000298c2e6cdc8]
Event: 18.286 Thread 0x00000298d30646d0 4882   !   3       org.eclipse.jdt.internal.compiler.lookup.TypeSystem::getUnannotatedType (267 bytes)
Event: 18.288 Thread 0x00000298d6f67620 4885       4       org.eclipse.jdt.internal.compiler.lookup.BinaryTypeBinding::createMethod (1687 bytes)
Event: 18.288 Thread 0x00000298d30646d0 nmethod 4882 0x00000298c2e6cf10 code [0x00000298c2e6d1c0, 0x00000298c2e6e498]
Event: 18.288 Thread 0x00000298d30646d0 4884       3       org.eclipse.jdt.internal.compiler.lookup.PackageBinding::getPackage0 (12 bytes)
Event: 18.288 Thread 0x00000298d30646d0 nmethod 4884 0x00000298c2e6ed90 code [0x00000298c2e6ef80, 0x00000298c2e6f538]
Event: 18.288 Thread 0x00000298d30646d0 4883       1       org.eclipse.jdt.internal.compiler.classfmt.MethodInfoWithAnnotations::getAnnotations (5 bytes)
Event: 18.289 Thread 0x00000298d30646d0 nmethod 4883 0x00000298c9bfed90 code [0x00000298c9bfef20, 0x00000298c9bfeff8]
Event: 18.334 Thread 0x00000298d3050cb0 4886       4       java.util.ArrayDeque::addLast (51 bytes)
Event: 18.337 Thread 0x00000298d3050cb0 nmethod 4886 0x00000298c9bff090 code [0x00000298c9bff220, 0x00000298c9bff378]

GC Heap History (20 events):
Event: 7.615 GC heap before
{Heap before GC invocations=5 (full 1):
 PSYoungGen      total 29696K, used 25600K [0x00000000eab00000, 0x00000000ecc00000, 0x0000000100000000)
  eden space 25600K, 100% used [0x00000000eab00000,0x00000000ec400000,0x00000000ec400000)
  from space 4096K, 0% used [0x00000000ec400000,0x00000000ec400000,0x00000000ec800000)
  to   space 4096K, 0% used [0x00000000ec800000,0x00000000ec800000,0x00000000ecc00000)
 ParOldGen       total 68608K, used 9610K [0x00000000c0000000, 0x00000000c4300000, 0x00000000eab00000)
  object space 68608K, 14% used [0x00000000c0000000,0x00000000c09628f0,0x00000000c4300000)
 Metaspace       used 27916K, committed 28480K, reserved 1081344K
  class space    used 2727K, committed 2944K, reserved 1048576K
}
Event: 7.619 GC heap after
{Heap after GC invocations=5 (full 1):
 PSYoungGen      total 29696K, used 1548K [0x00000000eab00000, 0x00000000ecc00000, 0x0000000100000000)
  eden space 25600K, 0% used [0x00000000eab00000,0x00000000eab00000,0x00000000ec400000)
  from space 4096K, 37% used [0x00000000ec800000,0x00000000ec983250,0x00000000ecc00000)
  to   space 4096K, 0% used [0x00000000ec400000,0x00000000ec400000,0x00000000ec800000)
 ParOldGen       total 68608K, used 9618K [0x00000000c0000000, 0x00000000c4300000, 0x00000000eab00000)
  object space 68608K, 14% used [0x00000000c0000000,0x00000000c09648f0,0x00000000c4300000)
 Metaspace       used 27916K, committed 28480K, reserved 1081344K
  class space    used 2727K, committed 2944K, reserved 1048576K
}
Event: 10.092 GC heap before
{Heap before GC invocations=6 (full 1):
 PSYoungGen      total 29696K, used 25254K [0x00000000eab00000, 0x00000000ecc00000, 0x0000000100000000)
  eden space 25600K, 92% used [0x00000000eab00000,0x00000000ec226940,0x00000000ec400000)
  from space 4096K, 37% used [0x00000000ec800000,0x00000000ec983250,0x00000000ecc00000)
  to   space 4096K, 0% used [0x00000000ec400000,0x00000000ec400000,0x00000000ec800000)
 ParOldGen       total 68608K, used 9618K [0x00000000c0000000, 0x00000000c4300000, 0x00000000eab00000)
  object space 68608K, 14% used [0x00000000c0000000,0x00000000c09648f0,0x00000000c4300000)
 Metaspace       used 35187K, committed 35840K, reserved 1081344K
  class space    used 3746K, committed 4032K, reserved 1048576K
}
Event: 10.097 GC heap after
{Heap after GC invocations=6 (full 1):
 PSYoungGen      total 29696K, used 3776K [0x00000000eab00000, 0x00000000ecd00000, 0x0000000100000000)
  eden space 25600K, 0% used [0x00000000eab00000,0x00000000eab00000,0x00000000ec400000)
  from space 4096K, 92% used [0x00000000ec400000,0x00000000ec7b0070,0x00000000ec800000)
  to   space 4608K, 0% used [0x00000000ec880000,0x00000000ec880000,0x00000000ecd00000)
 ParOldGen       total 68608K, used 9626K [0x00000000c0000000, 0x00000000c4300000, 0x00000000eab00000)
  object space 68608K, 14% used [0x00000000c0000000,0x00000000c09668f0,0x00000000c4300000)
 Metaspace       used 35187K, committed 35840K, reserved 1081344K
  class space    used 3746K, committed 4032K, reserved 1048576K
}
Event: 10.097 GC heap before
{Heap before GC invocations=7 (full 2):
 PSYoungGen      total 29696K, used 3776K [0x00000000eab00000, 0x00000000ecd00000, 0x0000000100000000)
  eden space 25600K, 0% used [0x00000000eab00000,0x00000000eab00000,0x00000000ec400000)
  from space 4096K, 92% used [0x00000000ec400000,0x00000000ec7b0070,0x00000000ec800000)
  to   space 4608K, 0% used [0x00000000ec880000,0x00000000ec880000,0x00000000ecd00000)
 ParOldGen       total 68608K, used 9626K [0x00000000c0000000, 0x00000000c4300000, 0x00000000eab00000)
  object space 68608K, 14% used [0x00000000c0000000,0x00000000c09668f0,0x00000000c4300000)
 Metaspace       used 35187K, committed 35840K, reserved 1081344K
  class space    used 3746K, committed 4032K, reserved 1048576K
}
Event: 10.158 GC heap after
{Heap after GC invocations=7 (full 2):
 PSYoungGen      total 29696K, used 0K [0x00000000eab00000, 0x00000000ecd00000, 0x0000000100000000)
  eden space 25600K, 0% used [0x00000000eab00000,0x00000000eab00000,0x00000000ec400000)
  from space 4096K, 0% used [0x00000000ec400000,0x00000000ec400000,0x00000000ec800000)
  to   space 4608K, 0% used [0x00000000ec880000,0x00000000ec880000,0x00000000ecd00000)
 ParOldGen       total 68608K, used 12089K [0x00000000c0000000, 0x00000000c4300000, 0x00000000eab00000)
  object space 68608K, 17% used [0x00000000c0000000,0x00000000c0bce6b0,0x00000000c4300000)
 Metaspace       used 35187K, committed 35840K, reserved 1081344K
  class space    used 3746K, committed 4032K, reserved 1048576K
}
Event: 11.672 GC heap before
{Heap before GC invocations=8 (full 2):
 PSYoungGen      total 29696K, used 25600K [0x00000000eab00000, 0x00000000ecd00000, 0x0000000100000000)
  eden space 25600K, 100% used [0x00000000eab00000,0x00000000ec400000,0x00000000ec400000)
  from space 4096K, 0% used [0x00000000ec400000,0x00000000ec400000,0x00000000ec800000)
  to   space 4608K, 0% used [0x00000000ec880000,0x00000000ec880000,0x00000000ecd00000)
 ParOldGen       total 68608K, used 12089K [0x00000000c0000000, 0x00000000c4300000, 0x00000000eab00000)
  object space 68608K, 17% used [0x00000000c0000000,0x00000000c0bce6b0,0x00000000c4300000)
 Metaspace       used 39527K, committed 40320K, reserved 1089536K
  class space    used 4267K, committed 4608K, reserved 1048576K
}
Event: 11.678 GC heap after
{Heap after GC invocations=8 (full 2):
 PSYoungGen      total 27648K, used 2251K [0x00000000eab00000, 0x00000000ecb00000, 0x0000000100000000)
  eden space 25088K, 0% used [0x00000000eab00000,0x00000000eab00000,0x00000000ec380000)
  from space 2560K, 87% used [0x00000000ec880000,0x00000000ecab2e00,0x00000000ecb00000)
  to   space 3072K, 0% used [0x00000000ec500000,0x00000000ec500000,0x00000000ec800000)
 ParOldGen       total 68608K, used 12097K [0x00000000c0000000, 0x00000000c4300000, 0x00000000eab00000)
  object space 68608K, 17% used [0x00000000c0000000,0x00000000c0bd06b0,0x00000000c4300000)
 Metaspace       used 39527K, committed 40320K, reserved 1089536K
  class space    used 4267K, committed 4608K, reserved 1048576K
}
Event: 12.496 GC heap before
{Heap before GC invocations=9 (full 2):
 PSYoungGen      total 27648K, used 27339K [0x00000000eab00000, 0x00000000ecb00000, 0x0000000100000000)
  eden space 25088K, 100% used [0x00000000eab00000,0x00000000ec380000,0x00000000ec380000)
  from space 2560K, 87% used [0x00000000ec880000,0x00000000ecab2e00,0x00000000ecb00000)
  to   space 3072K, 0% used [0x00000000ec500000,0x00000000ec500000,0x00000000ec800000)
 ParOldGen       total 68608K, used 12097K [0x00000000c0000000, 0x00000000c4300000, 0x00000000eab00000)
  object space 68608K, 17% used [0x00000000c0000000,0x00000000c0bd06b0,0x00000000c4300000)
 Metaspace       used 42000K, committed 42688K, reserved 1089536K
  class space    used 4565K, committed 4864K, reserved 1048576K
}
Event: 12.508 GC heap after
{Heap after GC invocations=9 (full 2):
 PSYoungGen      total 27648K, used 3051K [0x00000000eab00000, 0x00000000ecd00000, 0x0000000100000000)
  eden space 24576K, 0% used [0x00000000eab00000,0x00000000eab00000,0x00000000ec300000)
  from space 3072K, 99% used [0x00000000ec500000,0x00000000ec7fae20,0x00000000ec800000)
  to   space 5120K, 0% used [0x00000000ec800000,0x00000000ec800000,0x00000000ecd00000)
 ParOldGen       total 68608K, used 13670K [0x00000000c0000000, 0x00000000c4300000, 0x00000000eab00000)
  object space 68608K, 19% used [0x00000000c0000000,0x00000000c0d59a08,0x00000000c4300000)
 Metaspace       used 42000K, committed 42688K, reserved 1089536K
  class space    used 4565K, committed 4864K, reserved 1048576K
}
Event: 13.280 GC heap before
{Heap before GC invocations=10 (full 2):
 PSYoungGen      total 27648K, used 27627K [0x00000000eab00000, 0x00000000ecd00000, 0x0000000100000000)
  eden space 24576K, 100% used [0x00000000eab00000,0x00000000ec300000,0x00000000ec300000)
  from space 3072K, 99% used [0x00000000ec500000,0x00000000ec7fae20,0x00000000ec800000)
  to   space 5120K, 0% used [0x00000000ec800000,0x00000000ec800000,0x00000000ecd00000)
 ParOldGen       total 68608K, used 13670K [0x00000000c0000000, 0x00000000c4300000, 0x00000000eab00000)
  object space 68608K, 19% used [0x00000000c0000000,0x00000000c0d59a08,0x00000000c4300000)
 Metaspace       used 43115K, committed 43840K, reserved 1089536K
  class space    used 4713K, committed 4992K, reserved 1048576K
}
Event: 13.293 GC heap after
{Heap after GC invocations=10 (full 2):
 PSYoungGen      total 28672K, used 5115K [0x00000000eab00000, 0x00000000ece80000, 0x0000000100000000)
  eden space 23552K, 0% used [0x00000000eab00000,0x00000000eab00000,0x00000000ec200000)
  from space 5120K, 99% used [0x00000000ec800000,0x00000000eccfee10,0x00000000ecd00000)
  to   space 6144K, 0% used [0x00000000ec200000,0x00000000ec200000,0x00000000ec800000)
 ParOldGen       total 68608K, used 14025K [0x00000000c0000000, 0x00000000c4300000, 0x00000000eab00000)
  object space 68608K, 20% used [0x00000000c0000000,0x00000000c0db27e8,0x00000000c4300000)
 Metaspace       used 43115K, committed 43840K, reserved 1089536K
  class space    used 4713K, committed 4992K, reserved 1048576K
}
Event: 13.645 GC heap before
{Heap before GC invocations=11 (full 2):
 PSYoungGen      total 28672K, used 28667K [0x00000000eab00000, 0x00000000ece80000, 0x0000000100000000)
  eden space 23552K, 100% used [0x00000000eab00000,0x00000000ec200000,0x00000000ec200000)
  from space 5120K, 99% used [0x00000000ec800000,0x00000000eccfee10,0x00000000ecd00000)
  to   space 6144K, 0% used [0x00000000ec200000,0x00000000ec200000,0x00000000ec800000)
 ParOldGen       total 68608K, used 14025K [0x00000000c0000000, 0x00000000c4300000, 0x00000000eab00000)
  object space 68608K, 20% used [0x00000000c0000000,0x00000000c0db27e8,0x00000000c4300000)
 Metaspace       used 43710K, committed 44416K, reserved 1089536K
  class space    used 4804K, committed 5120K, reserved 1048576K
}
Event: 13.658 GC heap after
{Heap after GC invocations=11 (full 2):
 PSYoungGen      total 29184K, used 6112K [0x00000000eab00000, 0x00000000ed280000, 0x0000000100000000)
  eden space 23040K, 0% used [0x00000000eab00000,0x00000000eab00000,0x00000000ec180000)
  from space 6144K, 99% used [0x00000000ec200000,0x00000000ec7f8030,0x00000000ec800000)
  to   space 8704K, 0% used [0x00000000eca00000,0x00000000eca00000,0x00000000ed280000)
 ParOldGen       total 68608K, used 15834K [0x00000000c0000000, 0x00000000c4300000, 0x00000000eab00000)
  object space 68608K, 23% used [0x00000000c0000000,0x00000000c0f768a0,0x00000000c4300000)
 Metaspace       used 43710K, committed 44416K, reserved 1089536K
  class space    used 4804K, committed 5120K, reserved 1048576K
}
Event: 13.801 GC heap before
{Heap before GC invocations=12 (full 2):
 PSYoungGen      total 29184K, used 29152K [0x00000000eab00000, 0x00000000ed280000, 0x0000000100000000)
  eden space 23040K, 100% used [0x00000000eab00000,0x00000000ec180000,0x00000000ec180000)
  from space 6144K, 99% used [0x00000000ec200000,0x00000000ec7f8030,0x00000000ec800000)
  to   space 8704K, 0% used [0x00000000eca00000,0x00000000eca00000,0x00000000ed280000)
 ParOldGen       total 68608K, used 15834K [0x00000000c0000000, 0x00000000c4300000, 0x00000000eab00000)
  object space 68608K, 23% used [0x00000000c0000000,0x00000000c0f768a0,0x00000000c4300000)
 Metaspace       used 44077K, committed 44800K, reserved 1089536K
  class space    used 4843K, committed 5184K, reserved 1048576K
}
Event: 13.815 GC heap after
{Heap after GC invocations=12 (full 2):
 PSYoungGen      total 28160K, used 5184K [0x00000000eab00000, 0x00000000ecf80000, 0x0000000100000000)
  eden space 22528K, 0% used [0x00000000eab00000,0x00000000eab00000,0x00000000ec100000)
  from space 5632K, 92% used [0x00000000eca00000,0x00000000ecf10020,0x00000000ecf80000)
  to   space 6656K, 0% used [0x00000000ec280000,0x00000000ec280000,0x00000000ec900000)
 ParOldGen       total 68608K, used 19322K [0x00000000c0000000, 0x00000000c4300000, 0x00000000eab00000)
  object space 68608K, 28% used [0x00000000c0000000,0x00000000c12de8c0,0x00000000c4300000)
 Metaspace       used 44077K, committed 44800K, reserved 1089536K
  class space    used 4843K, committed 5184K, reserved 1048576K
}
Event: 13.986 GC heap before
{Heap before GC invocations=13 (full 2):
 PSYoungGen      total 28160K, used 27712K [0x00000000eab00000, 0x00000000ecf80000, 0x0000000100000000)
  eden space 22528K, 100% used [0x00000000eab00000,0x00000000ec100000,0x00000000ec100000)
  from space 5632K, 92% used [0x00000000eca00000,0x00000000ecf10020,0x00000000ecf80000)
  to   space 6656K, 0% used [0x00000000ec280000,0x00000000ec280000,0x00000000ec900000)
 ParOldGen       total 68608K, used 19322K [0x00000000c0000000, 0x00000000c4300000, 0x00000000eab00000)
  object space 68608K, 28% used [0x00000000c0000000,0x00000000c12de8c0,0x00000000c4300000)
 Metaspace       used 44171K, committed 44928K, reserved 1089536K
  class space    used 4848K, committed 5184K, reserved 1048576K
}
Event: 13.999 GC heap after
{Heap after GC invocations=13 (full 2):
 PSYoungGen      total 25088K, used 2560K [0x00000000eab00000, 0x00000000eca80000, 0x0000000100000000)
  eden space 22016K, 0% used [0x00000000eab00000,0x00000000eab00000,0x00000000ec080000)
  from space 3072K, 83% used [0x00000000ec280000,0x00000000ec500010,0x00000000ec580000)
  to   space 4096K, 0% used [0x00000000ec680000,0x00000000ec680000,0x00000000eca80000)
 ParOldGen       total 68608K, used 24325K [0x00000000c0000000, 0x00000000c4300000, 0x00000000eab00000)
  object space 68608K, 35% used [0x00000000c0000000,0x00000000c17c14e0,0x00000000c4300000)
 Metaspace       used 44171K, committed 44928K, reserved 1089536K
  class space    used 4848K, committed 5184K, reserved 1048576K
}
Event: 17.079 GC heap before
{Heap before GC invocations=14 (full 2):
 PSYoungGen      total 25088K, used 24576K [0x00000000eab00000, 0x00000000eca80000, 0x0000000100000000)
  eden space 22016K, 100% used [0x00000000eab00000,0x00000000ec080000,0x00000000ec080000)
  from space 3072K, 83% used [0x00000000ec280000,0x00000000ec500010,0x00000000ec580000)
  to   space 4096K, 0% used [0x00000000ec680000,0x00000000ec680000,0x00000000eca80000)
 ParOldGen       total 68608K, used 24325K [0x00000000c0000000, 0x00000000c4300000, 0x00000000eab00000)
  object space 68608K, 35% used [0x00000000c0000000,0x00000000c17c14e0,0x00000000c4300000)
 Metaspace       used 48565K, committed 49344K, reserved 1097728K
  class space    used 5300K, committed 5632K, reserved 1048576K
}
Event: 17.091 GC heap after
{Heap after GC invocations=14 (full 2):
 PSYoungGen      total 24576K, used 2544K [0x00000000eab00000, 0x00000000ec900000, 0x0000000100000000)
  eden space 22016K, 0% used [0x00000000eab00000,0x00000000eab00000,0x00000000ec080000)
  from space 2560K, 99% used [0x00000000ec680000,0x00000000ec8fc010,0x00000000ec900000)
  to   space 3072K, 0% used [0x00000000ec300000,0x00000000ec300000,0x00000000ec600000)
 ParOldGen       total 68608K, used 26821K [0x00000000c0000000, 0x00000000c4300000, 0x00000000eab00000)
  object space 68608K, 39% used [0x00000000c0000000,0x00000000c1a314f0,0x00000000c4300000)
 Metaspace       used 48565K, committed 49344K, reserved 1097728K
  class space    used 5300K, committed 5632K, reserved 1048576K
}

Deoptimization events (20 events):
Event: 17.923 Thread 0x00000298d50b7810 Uncommon trap: trap_request=0xffffff45 fr.pc=0x00000298c9ab45c0 relative=0x0000000000000500
Event: 17.923 Thread 0x00000298d50b7810 Uncommon trap: reason=unstable_if action=reinterpret pc=0x00000298c9ab45c0 method=java.lang.String.decodeASCII([BI[CII)I @ 7 c2
Event: 17.923 Thread 0x00000298d50b7810 DEOPT PACKING pc=0x00000298c9ab45c0 sp=0x000000b402bfe470
Event: 17.924 Thread 0x00000298d50b7810 DEOPT UNPACKING pc=0x00000298c1ee20a3 sp=0x000000b402bfe298 mode 2
Event: 18.003 Thread 0x00000298d50b7810 Uncommon trap: trap_request=0xffffff45 fr.pc=0x00000298c9af10dc relative=0x000000000000029c
Event: 18.003 Thread 0x00000298d50b7810 Uncommon trap: reason=unstable_if action=reinterpret pc=0x00000298c9af10dc method=jdk.internal.jimage.ImageStringsReader.stringFromByteBufferMatches(Ljava/nio/ByteBuffer;ILjava/lang/String;I)I @ 59 c2
Event: 18.003 Thread 0x00000298d50b7810 DEOPT PACKING pc=0x00000298c9af10dc sp=0x000000b402bfd790
Event: 18.003 Thread 0x00000298d50b7810 DEOPT UNPACKING pc=0x00000298c1ee20a3 sp=0x000000b402bfd708 mode 2
Event: 18.003 Thread 0x00000298d50b7810 Uncommon trap: trap_request=0xffffff45 fr.pc=0x00000298c9af25c4 relative=0x0000000000000d04
Event: 18.003 Thread 0x00000298d50b7810 Uncommon trap: reason=unstable_if action=reinterpret pc=0x00000298c9af25c4 method=jdk.internal.jrtfs.JrtFileSystem.checkNode(Ljdk/internal/jrtfs/JrtPath;)Ljdk/internal/jimage/ImageReader$Node; @ 16 c2
Event: 18.003 Thread 0x00000298d50b7810 DEOPT PACKING pc=0x00000298c9af25c4 sp=0x000000b402bfdae0
Event: 18.003 Thread 0x00000298d50b7810 DEOPT UNPACKING pc=0x00000298c1ee20a3 sp=0x000000b402bfdae0 mode 2
Event: 18.071 Thread 0x00000298d50b7810 Uncommon trap: trap_request=0xffffff6e fr.pc=0x00000298c9bc41f0 relative=0x00000000000003d0
Event: 18.071 Thread 0x00000298d50b7810 Uncommon trap: reason=loop_limit_check action=maybe_recompile pc=0x00000298c9bc41f0 method=org.eclipse.jdt.internal.compiler.classfmt.ClassFileStruct.utf8At(II)[C @ 143 c2
Event: 18.071 Thread 0x00000298d50b7810 DEOPT PACKING pc=0x00000298c9bc41f0 sp=0x000000b402bfdd60
Event: 18.071 Thread 0x00000298d50b7810 DEOPT UNPACKING pc=0x00000298c1ee20a3 sp=0x000000b402bfdcf8 mode 2
Event: 18.295 Thread 0x00000298d50b7340 Uncommon trap: trap_request=0xffffffc6 fr.pc=0x00000298c9a47c64 relative=0x0000000000000d44
Event: 18.295 Thread 0x00000298d50b7340 Uncommon trap: reason=bimorphic_or_optimized_type_check action=maybe_recompile pc=0x00000298c9a47c64 method=java.util.HashMap.putVal(ILjava/lang/Object;Ljava/lang/Object;ZZ)Ljava/lang/Object; @ 91 c2
Event: 18.295 Thread 0x00000298d50b7340 DEOPT PACKING pc=0x00000298c9a47c64 sp=0x000000b4031fee50
Event: 18.295 Thread 0x00000298d50b7340 DEOPT UNPACKING pc=0x00000298c1ee20a3 sp=0x000000b4031fece8 mode 2

Classes unloaded (0 events):
No events

Classes redefined (0 events):
No events

Internal exceptions (20 events):
Event: 14.786 Thread 0x00000298d50b7ce0 Exception <a 'sun/nio/fs/WindowsException'{0x00000000eb46abc0}> (0x00000000eb46abc0) 
thrown [e:\jenkins\tmp\workspace\build\src\src\hotspot\share\prims\jni.cpp, line 516]
Event: 16.362 Thread 0x00000298d50b7ce0 Exception <a 'sun/nio/fs/WindowsException'{0x00000000ebcdd4f0}> (0x00000000ebcdd4f0) 
thrown [e:\jenkins\tmp\workspace\build\src\src\hotspot\share\prims\jni.cpp, line 516]
Event: 16.389 Thread 0x00000298d50b7ce0 Exception <a 'sun/nio/fs/WindowsException'{0x00000000ebd00b00}> (0x00000000ebd00b00) 
thrown [e:\jenkins\tmp\workspace\build\src\src\hotspot\share\prims\jni.cpp, line 516]
Event: 16.483 Thread 0x00000298d50b7ce0 Exception <a 'sun/nio/fs/WindowsException'{0x00000000ebd1c2a8}> (0x00000000ebd1c2a8) 
thrown [e:\jenkins\tmp\workspace\build\src\src\hotspot\share\prims\jni.cpp, line 516]
Event: 16.715 Thread 0x00000298d50b7810 Exception <a 'java/io/FileNotFoundException'{0x00000000ebdf7318}> (0x00000000ebdf7318) 
thrown [e:\jenkins\tmp\workspace\build\src\src\hotspot\share\prims\jni.cpp, line 516]
Event: 16.716 Thread 0x00000298d50b7810 Exception <a 'java/io/FileNotFoundException'{0x00000000ebdf93f0}> (0x00000000ebdf93f0) 
thrown [e:\jenkins\tmp\workspace\build\src\src\hotspot\share\prims\jni.cpp, line 516]
Event: 16.716 Thread 0x00000298d50b7810 Exception <a 'java/io/FileNotFoundException'{0x00000000ebdfa8b0}> (0x00000000ebdfa8b0) 
thrown [e:\jenkins\tmp\workspace\build\src\src\hotspot\share\prims\jni.cpp, line 516]
Event: 17.574 Thread 0x00000298d50b5660 Exception <a 'sun/nio/fs/WindowsException'{0x00000000eb8e8058}> (0x00000000eb8e8058) 
thrown [e:\jenkins\tmp\workspace\build\src\src\hotspot\share\prims\jni.cpp, line 516]
Event: 17.574 Thread 0x00000298d50b5660 Exception <a 'sun/nio/fs/WindowsException'{0x00000000eb8e8450}> (0x00000000eb8e8450) 
thrown [e:\jenkins\tmp\workspace\build\src\src\hotspot\share\prims\jni.cpp, line 516]
Event: 17.706 Thread 0x00000298d50b7810 Exception <a 'java/lang/NoSuchMethodError'{0x00000000eb9348d0}: 'java.lang.Object java.lang.invoke.DirectMethodHandle$Holder.newInvokeSpecial(java.lang.Object, java.lang.Object, java.lang.Object, int)'> (0x00000000eb9348d0) 
thrown [e:\jenkins\tmp\workspace\build\src\src\hotspot\share\interpreter\linkResolver.cpp, line 766]
Event: 17.708 Thread 0x00000298d50b7810 Exception <a 'java/lang/NoSuchMethodError'{0x00000000eb9388f0}: 'java.lang.Object java.lang.invoke.DirectMethodHandle$Holder.invokeSpecial(java.lang.Object, java.lang.Object, java.lang.Object, java.lang.Object, int)'> (0x00000000eb9388f0) 
thrown [e:\jenkins\tmp\workspace\build\src\src\hotspot\share\interpreter\linkResolver.cpp, line 766]
Event: 17.708 Thread 0x00000298d50b7810 Exception <a 'java/lang/NoSuchMethodError'{0x00000000eb93c2c8}: 'java.lang.Object java.lang.invoke.Invokers$Holder.linkToTargetMethod(java.lang.Object, java.lang.Object, int, java.lang.Object)'> (0x00000000eb93c2c8) 
thrown [e:\jenkins\tmp\workspace\build\src\src\hotspot\share\interpreter\linkResolver.cpp, line 766]
Event: 17.792 Thread 0x00000298d50b7810 Exception <a 'sun/nio/fs/WindowsException'{0x00000000eb97bbb8}> (0x00000000eb97bbb8) 
thrown [e:\jenkins\tmp\workspace\build\src\src\hotspot\share\prims\jni.cpp, line 516]
Event: 17.800 Thread 0x00000298d50b7810 Exception <a 'sun/nio/fs/WindowsException'{0x00000000eb9863c8}> (0x00000000eb9863c8) 
thrown [e:\jenkins\tmp\workspace\build\src\src\hotspot\share\prims\jni.cpp, line 516]
Event: 17.805 Thread 0x00000298d50b7810 Exception <a 'sun/nio/fs/WindowsException'{0x00000000eb995f70}> (0x00000000eb995f70) 
thrown [e:\jenkins\tmp\workspace\build\src\src\hotspot\share\prims\jni.cpp, line 516]
Event: 17.811 Thread 0x00000298d50b7810 Exception <a 'sun/nio/fs/WindowsException'{0x00000000eb9aad90}> (0x00000000eb9aad90) 
thrown [e:\jenkins\tmp\workspace\build\src\src\hotspot\share\prims\jni.cpp, line 516]
Event: 17.820 Thread 0x00000298d50b7810 Exception <a 'sun/nio/fs/WindowsException'{0x00000000eb9c1728}> (0x00000000eb9c1728) 
thrown [e:\jenkins\tmp\workspace\build\src\src\hotspot\share\prims\jni.cpp, line 516]
Event: 17.844 Thread 0x00000298d50b7810 Exception <a 'sun/nio/fs/WindowsException'{0x00000000eb9c6d30}> (0x00000000eb9c6d30) 
thrown [e:\jenkins\tmp\workspace\build\src\src\hotspot\share\prims\jni.cpp, line 516]
Event: 17.902 Thread 0x00000298d50b7810 Exception <a 'java/lang/NoSuchMethodError'{0x00000000eba142b8}: 'int java.lang.invoke.DirectMethodHandle$Holder.invokeVirtual(java.lang.Object, java.lang.Object)'> (0x00000000eba142b8) 
thrown [e:\jenkins\tmp\workspace\build\src\src\hotspot\share\interpreter\linkResolver.cpp, line 766]
Event: 18.006 Thread 0x00000298d50b7810 Exception <a 'java/lang/NoSuchMethodError'{0x00000000ebaee7e0}: 'int java.lang.invoke.DirectMethodHandle$Holder.invokeVirtual(java.lang.Object, java.lang.Object, java.lang.Object)'> (0x00000000ebaee7e0) 
thrown [e:\jenkins\tmp\workspace\build\src\src\hotspot\share\interpreter\linkResolver.cpp, line 766]

VM Operations (20 events):
Event: 13.268 Executing VM operation: ParallelGCFailedAllocation
Event: 13.295 Executing VM operation: ParallelGCFailedAllocation done
Event: 13.315 Executing VM operation: HandshakeAllThreads
Event: 13.316 Executing VM operation: HandshakeAllThreads done
Event: 13.630 Executing VM operation: ParallelGCFailedAllocation
Event: 13.658 Executing VM operation: ParallelGCFailedAllocation done
Event: 13.795 Executing VM operation: ParallelGCFailedAllocation
Event: 13.818 Executing VM operation: ParallelGCFailedAllocation done
Event: 13.850 Executing VM operation: HandshakeAllThreads
Event: 13.851 Executing VM operation: HandshakeAllThreads done
Event: 13.986 Executing VM operation: ParallelGCFailedAllocation
Event: 14.002 Executing VM operation: ParallelGCFailedAllocation done
Event: 14.070 Executing VM operation: HandshakeAllThreads
Event: 14.086 Executing VM operation: HandshakeAllThreads done
Event: 14.919 Executing VM operation: HandshakeAllThreads
Event: 14.919 Executing VM operation: HandshakeAllThreads done
Event: 15.919 Executing VM operation: Cleanup
Event: 15.998 Executing VM operation: Cleanup done
Event: 17.079 Executing VM operation: ParallelGCFailedAllocation
Event: 17.092 Executing VM operation: ParallelGCFailedAllocation done

Events (20 events):
Event: 16.220 loading class java/util/AbstractList$ListItr done
Event: 16.682 loading class java/util/stream/SortedOps$SizedRefSortingSink
Event: 16.682 loading class java/util/stream/SortedOps$SizedRefSortingSink done
Event: 17.879 loading class sun/nio/cs/ThreadLocalCoders
Event: 17.879 loading class sun/nio/cs/ThreadLocalCoders done
Event: 17.879 loading class sun/nio/cs/ThreadLocalCoders$1
Event: 17.879 loading class sun/nio/cs/ThreadLocalCoders$Cache
Event: 17.880 loading class sun/nio/cs/ThreadLocalCoders$Cache done
Event: 17.880 loading class sun/nio/cs/ThreadLocalCoders$1 done
Event: 17.880 loading class sun/nio/cs/ThreadLocalCoders$2
Event: 17.880 loading class sun/nio/cs/ThreadLocalCoders$2 done
Event: 17.924 Thread 0x00000298d6f67720 Thread exited: 0x00000298d6f67720
Event: 17.933 Thread 0x00000298d6f67620 Thread added: 0x00000298d6f67620
Event: 18.007 loading class java/util/stream/ReduceOps$4
Event: 18.007 loading class java/util/stream/ReduceOps$4 done
Event: 18.007 loading class java/util/stream/ReduceOps$4ReducingSink
Event: 18.007 loading class java/util/stream/ReduceOps$4ReducingSink done
Event: 18.011 loading class java/nio/file/Files$2
Event: 18.011 loading class java/nio/file/Files$2 done
Event: 18.220 Thread 0x00000298d50b7340 Thread added: 0x00000298d50b7340


Dynamic libraries:
0x00007ff7e7c20000 - 0x00007ff7e7c2e000 	c:\Users\LENOVO\.vscode\extensions\redhat.java-1.3.0\jre\17.0.1-win32-x86_64\bin\java.exe
0x00007fffa4b00000 - 0x00007fffa4cf0000 	C:\WINDOWS\SYSTEM32\ntdll.dll
0x00007fffa3b50000 - 0x00007fffa3c02000 	C:\WINDOWS\System32\KERNEL32.DLL
0x00007fffa20e0000 - 0x00007fffa2385000 	C:\WINDOWS\System32\KERNELBASE.dll
0x00007fffa1aa0000 - 0x00007fffa1b9a000 	C:\WINDOWS\System32\ucrtbase.dll
0x00007fff8d7a0000 - 0x00007fff8d7b8000 	c:\Users\LENOVO\.vscode\extensions\redhat.java-1.3.0\jre\17.0.1-win32-x86_64\bin\jli.dll
0x00007fffa3f90000 - 0x00007fffa4124000 	C:\WINDOWS\System32\USER32.dll
0x00007fffa1da0000 - 0x00007fffa1dc1000 	C:\WINDOWS\System32\win32u.dll
0x00007fffa3ef0000 - 0x00007fffa3f16000 	C:\WINDOWS\System32\GDI32.dll
0x00007fffa1c00000 - 0x00007fffa1d98000 	C:\WINDOWS\System32\gdi32full.dll
0x00007fffa2b10000 - 0x00007fffa2bae000 	C:\WINDOWS\System32\msvcp_win.dll
0x00007fff8d4b0000 - 0x00007fff8d4c9000 	c:\Users\LENOVO\.vscode\extensions\redhat.java-1.3.0\jre\17.0.1-win32-x86_64\bin\VCRUNTIME140.dll
0x00007fff92310000 - 0x00007fff92594000 	C:\WINDOWS\WinSxS\amd64_microsoft.windows.common-controls_6595b64144ccf1df_6.0.18362.1556_none_9e7e372fe45e41d5\COMCTL32.dll
0x00007fffa3060000 - 0x00007fffa30fe000 	C:\WINDOWS\System32\msvcrt.dll
0x00007fffa46e0000 - 0x00007fffa4a16000 	C:\WINDOWS\System32\combase.dll
0x00007fffa3170000 - 0x00007fffa328f000 	C:\WINDOWS\System32\RPCRT4.dll
0x00007fffa1ea0000 - 0x00007fffa1f21000 	C:\WINDOWS\System32\bcryptPrimitives.dll
0x00007fffa2e60000 - 0x00007fffa2e8e000 	C:\WINDOWS\System32\IMM32.DLL
0x00007fff986d0000 - 0x00007fff986dc000 	c:\Users\LENOVO\.vscode\extensions\redhat.java-1.3.0\jre\17.0.1-win32-x86_64\bin\vcruntime140_1.dll
0x00007fff674d0000 - 0x00007fff67561000 	c:\Users\LENOVO\.vscode\extensions\redhat.java-1.3.0\jre\17.0.1-win32-x86_64\bin\msvcp140.dll
0x00007fff55c10000 - 0x00007fff56856000 	c:\Users\LENOVO\.vscode\extensions\redhat.java-1.3.0\jre\17.0.1-win32-x86_64\bin\server\jvm.dll
0x00007fffa2f90000 - 0x00007fffa3033000 	C:\WINDOWS\System32\ADVAPI32.dll
0x00007fffa4a20000 - 0x00007fffa4ab7000 	C:\WINDOWS\System32\sechost.dll
0x00007fffa2d90000 - 0x00007fffa2d98000 	C:\WINDOWS\System32\PSAPI.DLL
0x00007fff96b50000 - 0x00007fff96b59000 	C:\WINDOWS\SYSTEM32\WSOCK32.dll
0x00007fffa3100000 - 0x00007fffa316f000 	C:\WINDOWS\System32\WS2_32.dll
0x00007fff9faf0000 - 0x00007fff9fb14000 	C:\WINDOWS\SYSTEM32\WINMM.dll
0x00007fff906a0000 - 0x00007fff906aa000 	C:\WINDOWS\SYSTEM32\VERSION.dll
0x00007fff9f990000 - 0x00007fff9f9bd000 	C:\WINDOWS\SYSTEM32\WINMMBASE.dll
0x00007fffa1f30000 - 0x00007fffa1f7a000 	C:\WINDOWS\System32\cfgmgr32.dll
0x00007fffa19e0000 - 0x00007fffa19f1000 	C:\WINDOWS\System32\kernel.appcore.dll
0x00007fff96af0000 - 0x00007fff96afa000 	c:\Users\LENOVO\.vscode\extensions\redhat.java-1.3.0\jre\17.0.1-win32-x86_64\bin\jimage.dll
0x00007fff8dbd0000 - 0x00007fff8ddc4000 	C:\WINDOWS\SYSTEM32\DBGHELP.DLL
0x00007fff8f510000 - 0x00007fff8f53a000 	C:\WINDOWS\SYSTEM32\dbgcore.DLL
0x00007fff7bd30000 - 0x00007fff7bd55000 	c:\Users\LENOVO\.vscode\extensions\redhat.java-1.3.0\jre\17.0.1-win32-x86_64\bin\java.dll
0x00007fff8a9a0000 - 0x00007fff8a9b8000 	c:\Users\LENOVO\.vscode\extensions\redhat.java-1.3.0\jre\17.0.1-win32-x86_64\bin\zip.dll
0x00007fffa3460000 - 0x00007fffa3b47000 	C:\WINDOWS\System32\SHELL32.dll
0x00007fffa2bb0000 - 0x00007fffa2c58000 	C:\WINDOWS\System32\shcore.dll
0x00007fffa2390000 - 0x00007fffa2b0b000 	C:\WINDOWS\System32\windows.storage.dll
0x00007fffa1a00000 - 0x00007fffa1a1e000 	C:\WINDOWS\System32\profapi.dll
0x00007fffa1a20000 - 0x00007fffa1a6a000 	C:\WINDOWS\System32\powrprof.dll
0x00007fffa19b0000 - 0x00007fffa19c0000 	C:\WINDOWS\System32\UMPDC.dll
0x00007fffa2d30000 - 0x00007fffa2d82000 	C:\WINDOWS\System32\shlwapi.dll
0x00007fffa1dd0000 - 0x00007fffa1de7000 	C:\WINDOWS\System32\cryptsp.dll
0x00007fff87920000 - 0x00007fff87939000 	C:\Users\LENOVO\.vscode\extensions\redhat.java-1.3.0\jre\17.0.1-win32-x86_64\bin\net.dll
0x00007fff93ba0000 - 0x00007fff93c9a000 	C:\WINDOWS\SYSTEM32\WINHTTP.dll
0x00007fffa11f0000 - 0x00007fffa1257000 	C:\WINDOWS\system32\mswsock.dll
0x00007fff82940000 - 0x00007fff82955000 	C:\Users\LENOVO\.vscode\extensions\redhat.java-1.3.0\jre\17.0.1-win32-x86_64\bin\nio.dll
0x00007fffa0d70000 - 0x00007fffa0da3000 	C:\WINDOWS\system32\rsaenh.dll
0x00007fffa1a70000 - 0x00007fffa1a96000 	C:\WINDOWS\System32\bcrypt.dll
0x00007fffa18a0000 - 0x00007fffa18c5000 	C:\WINDOWS\SYSTEM32\USERENV.dll
0x00007fffa13c0000 - 0x00007fffa13cc000 	C:\WINDOWS\SYSTEM32\CRYPTBASE.dll
0x00007fffa0f00000 - 0x00007fffa0f3a000 	C:\WINDOWS\SYSTEM32\IPHLPAPI.DLL
0x00007fffa2e50000 - 0x00007fffa2e58000 	C:\WINDOWS\System32\NSI.dll
0x00007fff93eb0000 - 0x00007fff93ec6000 	C:\WINDOWS\SYSTEM32\dhcpcsvc6.DLL
0x00007fff98a30000 - 0x00007fff98a4c000 	C:\WINDOWS\SYSTEM32\dhcpcsvc.DLL
0x00007fffa0f40000 - 0x00007fffa100b000 	C:\WINDOWS\SYSTEM32\DNSAPI.dll
0x00007fff78fb0000 - 0x00007fff78fee000 	C:\Users\LENOVO\AppData\Roaming\Code\User\globalStorage\redhat.java\1.3.0\config_win\org.eclipse.equinox.launcher\org.eclipse.equinox.launcher.win32.win32.x86_64_1.2.400.v20211117-0650\eclipse_11602.dll
0x00007fffa32f0000 - 0x00007fffa3447000 	C:\WINDOWS\System32\ole32.dll
0x00007fff929b0000 - 0x00007fff929c0000 	c:\Users\LENOVO\.vscode\extensions\redhat.java-1.3.0\jre\17.0.1-win32-x86_64\bin\verify.dll
0x00007fff82350000 - 0x00007fff82361000 	C:\Users\LENOVO\AppData\Roaming\Code\User\globalStorage\redhat.java\1.3.0\config_win\org.eclipse.osgi\22\0\.cp\jWinHttp-1.0.0.dll

dbghelp: loaded successfully - version: 4.0.5 - missing functions: none
symbol engine: initialized successfully - sym options: 0x614 - pdb path: .;c:\Users\LENOVO\.vscode\extensions\redhat.java-1.3.0\jre\17.0.1-win32-x86_64\bin;C:\WINDOWS\SYSTEM32;C:\WINDOWS\WinSxS\amd64_microsoft.windows.common-controls_6595b64144ccf1df_6.0.18362.1556_none_9e7e372fe45e41d5;c:\Users\LENOVO\.vscode\extensions\redhat.java-1.3.0\jre\17.0.1-win32-x86_64\bin\server;C:\Users\LENOVO\AppData\Roaming\Code\User\globalStorage\redhat.java\1.3.0\config_win\org.eclipse.equinox.launcher\org.eclipse.equinox.launcher.win32.win32.x86_64_1.2.400.v20211117-0650;C:\Users\LENOVO\AppData\Roaming\Code\User\globalStorage\redhat.java\1.3.0\config_win\org.eclipse.osgi\22\0\.cp

VM Arguments:
jvm_args: --add-modules=ALL-SYSTEM --add-opens=java.base/java.util=ALL-UNNAMED --add-opens=java.base/java.lang=ALL-UNNAMED --add-opens=java.base/sun.nio.fs=ALL-UNNAMED -Declipse.application=org.eclipse.jdt.ls.core.id1 -Dosgi.bundles.defaultStartLevel=4 -Declipse.product=org.eclipse.jdt.ls.core.product -Djava.import.generatesMetadataFilesAtProjectRoot=false -Dfile.encoding=utf8 -DwatchParentProcess=false -XX:+UseParallelGC -XX:GCTimeRatio=4 -XX:AdaptiveSizePolicyWeight=90 -Dsun.zip.disableMemoryMapping=true -Xmx1G -Xms100m -XX:+HeapDumpOnOutOfMemoryError -XX:HeapDumpPath=c:\Users\LENOVO\AppData\Roaming\Code\User\workspaceStorage\be547b9790f432278a1aba5013de16f3\redhat.java 
java_command: c:\Users\LENOVO\.vscode\extensions\redhat.java-1.3.0\server\plugins\org.eclipse.equinox.launcher_1.6.400.v20210924-0641.jar -configuration c:\Users\LENOVO\AppData\Roaming\Code\User\globalStorage\redhat.java\1.3.0\config_win -data c:\Users\LENOVO\AppData\Roaming\Code\User\workspaceStorage\be547b9790f432278a1aba5013de16f3\redhat.java\jdt_ws
java_class_path (initial): c:\Users\LENOVO\.vscode\extensions\redhat.java-1.3.0\server\plugins\org.eclipse.equinox.launcher_1.6.400.v20210924-0641.jar
Launcher Type: SUN_STANDARD

[Global flags]
    uintx AdaptiveSizePolicyWeight                 = 90                                        {product} {command line}
     intx CICompilerCount                          = 3                                         {product} {ergonomic}
    uintx GCTimeRatio                              = 4                                         {product} {command line}
     bool HeapDumpOnOutOfMemoryError               = true                                   {manageable} {command line}
    ccstr HeapDumpPath                             = c:\Users\LENOVO\AppData\Roaming\Code\User\workspaceStorage\be547b9790f432278a1aba5013de16f3\redhat.java         {manageable} {command line}
   size_t InitialHeapSize                          = 104857600                                 {product} {command line}
   size_t MaxHeapSize                              = 1073741824                                {product} {command line}
   size_t MaxNewSize                               = 357564416                                 {product} {ergonomic}
   size_t MinHeapDeltaBytes                        = 524288                                    {product} {ergonomic}
   size_t MinHeapSize                              = 104857600                                 {product} {command line}
   size_t NewSize                                  = 34603008                                  {product} {ergonomic}
    uintx NonNMethodCodeHeapSize                   = 5832780                                {pd product} {ergonomic}
    uintx NonProfiledCodeHeapSize                  = 122912730                              {pd product} {ergonomic}
   size_t OldSize                                  = 70254592                                  {product} {ergonomic}
    uintx ProfiledCodeHeapSize                     = 122912730                              {pd product} {ergonomic}
    uintx ReservedCodeCacheSize                    = 251658240                              {pd product} {ergonomic}
     bool SegmentedCodeCache                       = true                                      {product} {ergonomic}
   size_t SoftMaxHeapSize                          = 1073741824                             {manageable} {ergonomic}
     bool UseCompressedClassPointers               = true                           {product lp64_product} {ergonomic}
     bool UseCompressedOops                        = true                           {product lp64_product} {ergonomic}
     bool UseLargePagesIndividualAllocation        = false                                  {pd product} {ergonomic}
     bool UseParallelGC                            = true                                      {product} {command line}

Logging:
Log output configuration:
 #0: stdout all=warning uptime,level,tags
 #1: stderr all=off uptime,level,tags

Environment Variables:
JAVA_HOME=C:\Program Files\Java\jdk-17.0.2\bin
PATH=C:\Program Files\Common Files\Oracle\Java\javapath;"C:\Program Files (x86)\Common Files\Oracle\Java\javapath\;C:\MinGW\bin";C:\WINDOWS\system32;C:\WINDOWS;C:\WINDOWS\System32\Wbem;C:\WINDOWS\System32\WindowsPowerShell\v1.0\;C:\WINDOWS\System32\OpenSSH\;C:\cygwin64\bin;D:\Electronica Analogica\Git\cmd;C:\Program Files\Java\jdk-17.0.2\bin;C:\Program Files\MySQL\MySQL Shell 8.0\bin\;C:\Users\LENOVO\AppData\Local\Microsoft\WindowsApps;C:\Users\LENOVO\AppData\Local\Programs\Microsoft VS Code\bin
USERNAME=LENOVO
OS=Windows_NT
PROCESSOR_IDENTIFIER=Intel64 Family 6 Model 78 Stepping 3, GenuineIntel



---------------  S Y S T E M  ---------------

OS:
 Windows 10 , 64 bit Build 18362 (10.0.18362.1500)
OS uptime: 3 days 4:59 hours

CPU: total 4 (initial active 4) (2 cores per cpu, 2 threads per core) family 6 model 78 stepping 3 microcode 0xd6, cx8, cmov, fxsr, ht, mmx, 3dnowpref, sse, sse2, sse3, ssse3, sse4.1, sse4.2, popcnt, lzcnt, tsc, tscinvbit, avx, avx2, aes, erms, clmul, bmi1, bmi2, rtm, adx, fma, vzeroupper, clflush, clflushopt

Memory: 4k page, system-wide physical 6017M (789M free)
TotalPageFile size 9313M (AvailPageFile size 2M)
current process WorkingSet (physical memory assigned to process): 205M, peak: 221M
current process commit charge ("private bytes"): 277M, peak: 296M

vm_info: OpenJDK 64-Bit Server VM (17.0.1+12) for windows-amd64 JRE (17.0.1+12), built on Oct 20 2021 07:42:55 by "" with MS VC++ 16.7 (VS2019)

END.
