#
# There is insufficient memory for the Java Runtime Environment to continue.
# Native memory allocation (mmap) failed to map 100663296 bytes for G1 virtual space
# Possible reasons:
#   The system is out of physical RAM or swap space
#   The process is running with CompressedOops enabled, and the Java Heap may be blocking the growth of the native heap
# Possible solutions:
#   Reduce memory load on the system
#   Increase physical memory or swap space
#   Check if swap backing store is full
#   Decrease Java heap size (-Xmx/-Xms)
#   Decrease number of Java threads
#   Decrease Java thread stack sizes (-Xss)
#   Set larger code cache with -XX:ReservedCodeCacheSize=
#   JVM is running with Unscaled Compressed Oops mode in which the Java heap is
#     placed in the first 4GB address space. The Java Heap base address is the
#     maximum limit for the native heap growth. Please use -XX:HeapBaseMinAddress
#     to set the Java Heap base and to place the Java Heap above 4GB virtual address.
# This output file may be truncated or incomplete.
#
#  Out of Memory Error (os_windows.cpp:3532), pid=8828, tid=8816
#
# JRE version:  (17.0.2+8) (build )
# Java VM: Java HotSpot(TM) 64-Bit Server VM (17.0.2+8-LTS-86, mixed mode, sharing, tiered, compressed oops, compressed class ptrs, g1 gc, windows-amd64)
# No core dump will be written. Minidumps are not enabled by default on client versions of Windows
#

---------------  S U M M A R Y ------------

Command Line: -Dfile.encoding=UTF-8 --module-path=C:\Users\LENOVO\Documents\Programacion\Calculadora\CALCULADORA\build\classes calculadora.diseño

Host: Intel(R) Core(TM) i3-6100U CPU @ 2.30GHz, 4 cores, 5G,  Windows 10 , 64 bit Build 18362 (10.0.18362.1500)
Time: Mon Jan 31 17:11:15 2022 Hora estándar, América Central elapsed time: 0.048335 seconds (0d 0h 0m 0s)

---------------  T H R E A D  ---------------

Current thread (0x00000276cf7dce10):  JavaThread "Unknown thread" [_thread_in_vm, id=8816, stack(0x000000f0c7f00000,0x000000f0c8000000)]

Stack: [0x000000f0c7f00000,0x000000f0c8000000]
Native frames: (J=compiled Java code, j=interpreted, Vv=VM code, C=native code)
V  [jvm.dll+0x670baa]
V  [jvm.dll+0x7cfcb4]
V  [jvm.dll+0x7d145e]
V  [jvm.dll+0x7d1ac3]
V  [jvm.dll+0x242bc5]
V  [jvm.dll+0x66dac9]
V  [jvm.dll+0x662412]
V  [jvm.dll+0x300c0b]
V  [jvm.dll+0x3081a6]
V  [jvm.dll+0x357d0e]
V  [jvm.dll+0x357f3f]
V  [jvm.dll+0x2d7ec8]
V  [jvm.dll+0x2d8e34]
V  [jvm.dll+0x7a18c1]
V  [jvm.dll+0x365a91]
V  [jvm.dll+0x780d2c]
V  [jvm.dll+0x3e845f]
V  [jvm.dll+0x3e9f01]
C  [jli.dll+0x527b]
C  [ucrtbase.dll+0x210b2]
C  [KERNEL32.DLL+0x17c24]
C  [ntdll.dll+0x6d721]


---------------  P R O C E S S  ---------------

Threads class SMR info:
_java_thread_list=0x00007fff63e09858, length=0, elements={
}

Java Threads: ( => current thread )

Other Threads:
  0x00000276cf811700 GCTaskThread "GC Thread#0" [stack: 0x000000f0c8000000,0x000000f0c8100000] [id=684]
  0x00000276cf81e280 ConcurrentGCThread "G1 Main Marker" [stack: 0x000000f0c8100000,0x000000f0c8200000] [id=8648]
  0x00000276cf81fca0 ConcurrentGCThread "G1 Conc#0" [stack: 0x000000f0c8200000,0x000000f0c8300000] [id=2216]

[error occurred during error reporting (printing all threads), id 0xc0000005, EXCEPTION_ACCESS_VIOLATION (0xc0000005) at pc=0x00007fff636588a7]

VM state: not at safepoint (not fully initialized)

VM Mutex/Monitor currently owned by a thread:  ([mutex/lock_event])
[0x00000276cf7d7c70] Heap_lock - owner thread: 0x00000276cf7dce10

Heap address: 0x00000000a1e00000, size: 1506 MB, Compressed Oops mode: 32-bit

CDS archive(s) mapped at: [0x0000000000000000-0x0000000000000000-0x0000000000000000), size 0, SharedBaseAddress: 0x0000000800000000, ArchiveRelocationMode: 0.
Narrow klass base: 0x0000000000000000, Narrow klass shift: 0, Narrow klass range: 0x0

GC Precious Log:
<Empty>

Heap:
 garbage-first heap   total 0K, used 0K [0x00000000a1e00000, 0x0000000100000000)
  region size 1024K, 0 young (0K), 0 survivors (0K)

[error occurred during error reporting (printing heap information), id 0xc0000005, EXCEPTION_ACCESS_VIOLATION (0xc0000005) at pc=0x00007fff63a39f19]

GC Heap History (0 events):
No events

Deoptimization events (0 events):
No events

Classes unloaded (0 events):
No events

Classes redefined (0 events):
No events

Internal exceptions (0 events):
No events

VM Operations (0 events):
No events

Events (1 events):
Event: 0.019 Loaded shared library C:\Program Files\Java\jdk-17.0.2\bin\java.dll


Dynamic libraries:
0x00007ff685fe0000 - 0x00007ff685ff0000 	C:\Program Files\Java\jdk-17.0.2\bin\java.exe
0x00007fffa4b00000 - 0x00007fffa4cf0000 	C:\WINDOWS\SYSTEM32\ntdll.dll
0x00007fffa3b50000 - 0x00007fffa3c02000 	C:\WINDOWS\System32\KERNEL32.DLL
0x00007fffa20e0000 - 0x00007fffa2385000 	C:\WINDOWS\System32\KERNELBASE.dll
0x00007fffa1aa0000 - 0x00007fffa1b9a000 	C:\WINDOWS\System32\ucrtbase.dll
0x00007fff8a9c0000 - 0x00007fff8a9d8000 	C:\Program Files\Java\jdk-17.0.2\bin\jli.dll
0x00007fffa2f90000 - 0x00007fffa3033000 	C:\WINDOWS\System32\ADVAPI32.dll
0x00007fffa3060000 - 0x00007fffa30fe000 	C:\WINDOWS\System32\msvcrt.dll
0x00007fffa4a20000 - 0x00007fffa4ab7000 	C:\WINDOWS\System32\sechost.dll
0x00007fffa3170000 - 0x00007fffa328f000 	C:\WINDOWS\System32\RPCRT4.dll
0x00007fffa3f90000 - 0x00007fffa4124000 	C:\WINDOWS\System32\USER32.dll
0x00007fffa1da0000 - 0x00007fffa1dc1000 	C:\WINDOWS\System32\win32u.dll
0x00007fffa3ef0000 - 0x00007fffa3f16000 	C:\WINDOWS\System32\GDI32.dll
0x00007fff93630000 - 0x00007fff9364a000 	C:\Program Files\Java\jdk-17.0.2\bin\VCRUNTIME140.dll
0x00007fffa1c00000 - 0x00007fffa1d98000 	C:\WINDOWS\System32\gdi32full.dll
0x00007fffa2b10000 - 0x00007fffa2bae000 	C:\WINDOWS\System32\msvcp_win.dll
0x00007fff92310000 - 0x00007fff92594000 	C:\WINDOWS\WinSxS\amd64_microsoft.windows.common-controls_6595b64144ccf1df_6.0.18362.1556_none_9e7e372fe45e41d5\COMCTL32.dll
0x00007fffa46e0000 - 0x00007fffa4a16000 	C:\WINDOWS\System32\combase.dll
0x00007fffa1ea0000 - 0x00007fffa1f21000 	C:\WINDOWS\System32\bcryptPrimitives.dll
0x00007fff906a0000 - 0x00007fff906aa000 	C:\WINDOWS\SYSTEM32\VERSION.dll
0x00007fffa2e60000 - 0x00007fffa2e8e000 	C:\WINDOWS\System32\IMM32.DLL
0x00007fff987d0000 - 0x00007fff987dc000 	C:\Program Files\Java\jdk-17.0.2\bin\vcruntime140_1.dll
0x00007fff79b20000 - 0x00007fff79bad000 	C:\Program Files\Java\jdk-17.0.2\bin\msvcp140.dll
0x00007fff63370000 - 0x00007fff63f31000 	C:\Program Files\Java\jdk-17.0.2\bin\server\jvm.dll
0x00007fffa2d90000 - 0x00007fffa2d98000 	C:\WINDOWS\System32\PSAPI.DLL
0x00007fff99980000 - 0x00007fff99989000 	C:\WINDOWS\SYSTEM32\WSOCK32.dll
0x00007fffa3100000 - 0x00007fffa316f000 	C:\WINDOWS\System32\WS2_32.dll
0x00007fff9faf0000 - 0x00007fff9fb14000 	C:\WINDOWS\SYSTEM32\WINMM.dll
0x00007fff9f990000 - 0x00007fff9f9bd000 	C:\WINDOWS\SYSTEM32\WINMMBASE.dll
0x00007fffa1f30000 - 0x00007fffa1f7a000 	C:\WINDOWS\System32\cfgmgr32.dll
0x00007fffa19e0000 - 0x00007fffa19f1000 	C:\WINDOWS\System32\kernel.appcore.dll
0x00007fff986d0000 - 0x00007fff986da000 	C:\Program Files\Java\jdk-17.0.2\bin\jimage.dll
0x00007fff8dbd0000 - 0x00007fff8ddc4000 	C:\WINDOWS\SYSTEM32\DBGHELP.DLL
0x00007fff8f510000 - 0x00007fff8f53a000 	C:\WINDOWS\SYSTEM32\dbgcore.DLL
0x00007fff88720000 - 0x00007fff88745000 	C:\Program Files\Java\jdk-17.0.2\bin\java.dll

dbghelp: loaded successfully - version: 4.0.5 - missing functions: none
symbol engine: initialized successfully - sym options: 0x614 - pdb path: .;C:\Program Files\Java\jdk-17.0.2\bin;C:\WINDOWS\SYSTEM32;C:\WINDOWS\WinSxS\amd64_microsoft.windows.common-controls_6595b64144ccf1df_6.0.18362.1556_none_9e7e372fe45e41d5;C:\Program Files\Java\jdk-17.0.2\bin\server

VM Arguments:
jvm_args: -Dfile.encoding=UTF-8 --module-path=C:\Users\LENOVO\Documents\Programacion\Calculadora\CALCULADORA\build\classes 
java_command: calculadora.diseño
java_class_path (initial): C:\Users\LENOVO\Documents\Programacion\Calculadora\CALCULADORA\build\classes
Launcher Type: SUN_STANDARD

[Global flags]
     intx CICompilerCount                          = 3                                         {product} {ergonomic}
     uint ConcGCThreads                            = 1                                         {product} {ergonomic}
     uint G1ConcRefinementThreads                  = 4                                         {product} {ergonomic}
   size_t G1HeapRegionSize                         = 1048576                                   {product} {ergonomic}
    uintx GCDrainStackTargetSize                   = 64                                        {product} {ergonomic}
   size_t InitialHeapSize                          = 100663296                                 {product} {ergonomic}
   size_t MarkStackSize                            = 4194304                                   {product} {ergonomic}
   size_t MaxHeapSize                              = 1579155456                                {product} {ergonomic}
   size_t MinHeapDeltaBytes                        = 1048576                                   {product} {ergonomic}
   size_t MinHeapSize                              = 8388608                                   {product} {ergonomic}
    uintx NonNMethodCodeHeapSize                   = 5832780                                {pd product} {ergonomic}
    uintx NonProfiledCodeHeapSize                  = 122912730                              {pd product} {ergonomic}
    uintx ProfiledCodeHeapSize                     = 122912730                              {pd product} {ergonomic}
    uintx ReservedCodeCacheSize                    = 251658240                              {pd product} {ergonomic}
     bool SegmentedCodeCache                       = true                                      {product} {ergonomic}
   size_t SoftMaxHeapSize                          = 1579155456                             {manageable} {ergonomic}
     bool UseCompressedClassPointers               = true                           {product lp64_product} {ergonomic}
     bool UseCompressedOops                        = true                           {product lp64_product} {ergonomic}
     bool UseG1GC                                  = true                                      {product} {ergonomic}
     bool UseLargePagesIndividualAllocation        = false                                  {pd product} {ergonomic}

Logging:
Log output configuration:
 #0: stdout all=warning uptime,level,tags
 #1: stderr all=off uptime,level,tags

Environment Variables:
JAVA_HOME=C:\Program Files\Java\jdk-17.0.2\bin
PATH=C:\Program Files\Common Files\Oracle\Java\javapath;"C:\Program Files (x86)\Common Files\Oracle\Java\javapath\;C:\MinGW\bin";C:\WINDOWS\system32;C:\WINDOWS;C:\WINDOWS\System32\Wbem;C:\WINDOWS\System32\WindowsPowerShell\v1.0\;C:\WINDOWS\System32\OpenSSH\;C:\cygwin64\bin;D:\Electronica Analogica\Git\cmd;C:\Program Files\Java\jdk-17.0.2\bin;C:\Program Files\MySQL\MySQL Shell 8.0\bin\;C:\Users\LENOVO\AppData\Local\Microsoft\WindowsApps;C:\Users\LENOVO\AppData\Local\Programs\Microsoft VS Code\bin
USERNAME=LENOVO
OS=Windows_NT
PROCESSOR_IDENTIFIER=Intel64 Family 6 Model 78 Stepping 3, GenuineIntel



---------------  S Y S T E M  ---------------

OS:
 Windows 10 , 64 bit Build 18362 (10.0.18362.1500)
OS uptime: 3 days 6:47 hours

CPU: total 4 (initial active 4) (2 cores per cpu, 2 threads per core) family 6 model 78 stepping 3 microcode 0xd6, cx8, cmov, fxsr, ht, mmx, 3dnowpref, sse, sse2, sse3, ssse3, sse4.1, sse4.2, popcnt, lzcnt, tsc, tscinvbit, avx, avx2, aes, erms, clmul, bmi1, bmi2, rtm, adx, fma, vzeroupper, clflush, clflushopt

Memory: 4k page, system-wide physical 6017M (917M free)
TotalPageFile size 9313M (AvailPageFile size 135M)
current process WorkingSet (physical memory assigned to process): 10M, peak: 10M
current process commit charge ("private bytes"): 51M, peak: 147M

vm_info: Java HotSpot(TM) 64-Bit Server VM (17.0.2+8-LTS-86) for windows-amd64 JRE (17.0.2+8-LTS-86), built on Dec  7 2021 21:51:03 by "mach5one" with MS VC++ 16.8 / 16.9 (VS2019)

END.
