#
# There is insufficient memory for the Java Runtime Environment to continue.
# Native memory allocation (malloc) failed to allocate 32744 bytes for ChunkPool::allocate
# Possible reasons:
#   The system is out of physical RAM or swap space
#   The process is running with CompressedOops enabled, and the Java Heap may be blocking the growth of the native heap
# Possible solutions:
#   Reduce memory load on the system
#   Increase physical memory or swap space
#   Check if swap backing store is full
#   Decrease Java heap size (-Xmx/-Xms)
#   Decrease number of Java threads
#   Decrease Java thread stack sizes (-Xss)
#   Set larger code cache with -XX:ReservedCodeCacheSize=
#   JVM is running with Unscaled Compressed Oops mode in which the Java heap is
#     placed in the first 4GB address space. The Java Heap base address is the
#     maximum limit for the native heap growth. Please use -XX:HeapBaseMinAddress
#     to set the Java Heap base and to place the Java Heap above 4GB virtual address.
# This output file may be truncated or incomplete.
#
#  Out of Memory Error (arena.cpp:78), pid=8796, tid=10640
#
# JRE version: Java(TM) SE Runtime Environment (17.0.2+8) (build 17.0.2+8-LTS-86)
# Java VM: Java HotSpot(TM) 64-Bit Server VM (17.0.2+8-LTS-86, mixed mode, sharing, tiered, compressed oops, compressed class ptrs, g1 gc, windows-amd64)
# No core dump will be written. Minidumps are not enabled by default on client versions of Windows
#

---------------  S U M M A R Y ------------

Command Line: --enable-preview -XX:+ShowCodeDetailsInExceptionMessages calculadora.diseño

Host: Intel(R) Core(TM) i3-6100U CPU @ 2.30GHz, 4 cores, 5G,  Windows 10 , 64 bit Build 18362 (10.0.18362.1500)
Time: Mon Jan 31 15:21:04 2022 Hora estándar, América Central elapsed time: 0.086660 seconds (0d 0h 0m 0s)

---------------  T H R E A D  ---------------

Current thread (0x0000020c7f4a3df0):  JavaThread "C2 CompilerThread0" daemon [_thread_in_native, id=10640, stack(0x0000003563000000,0x0000003563100000)]


Current CompileTask:
C2:     86   15       4       java.lang.StringLatin1::hashCode (42 bytes)

Stack: [0x0000003563000000,0x0000003563100000]
Native frames: (J=compiled Java code, j=interpreted, Vv=VM code, C=native code)
V  [jvm.dll+0x670baa]
V  [jvm.dll+0x7cfcb4]
V  [jvm.dll+0x7d145e]
V  [jvm.dll+0x7d1ac3]
V  [jvm.dll+0x242bc5]
V  [jvm.dll+0xaa7c0]
V  [jvm.dll+0xaab0c]
V  [jvm.dll+0x2a9975]
V  [jvm.dll+0x5792d9]
V  [jvm.dll+0x21de3d]
V  [jvm.dll+0x21e21f]
V  [jvm.dll+0x217ae5]
V  [jvm.dll+0x214fab]
V  [jvm.dll+0x1a1bbd]
V  [jvm.dll+0x224908]
V  [jvm.dll+0x222a6c]
V  [jvm.dll+0x7859bb]
V  [jvm.dll+0x77ff7a]
V  [jvm.dll+0x66fa35]
C  [ucrtbase.dll+0x210b2]
C  [KERNEL32.DLL+0x17c24]
C  [ntdll.dll+0x6d721]


---------------  P R O C E S S  ---------------

Threads class SMR info:
_java_thread_list=0x0000020c009b8920, length=12, elements={
0x0000020c62fbecd0, 0x0000020c7f4850e0, 0x0000020c7f486f60, 0x0000020c7f49ba40,
0x0000020c7f49c5f0, 0x0000020c7f49d1a0, 0x0000020c7f49fb60, 0x0000020c7f4a3df0,
0x0000020c7f4d7430, 0x0000020c7f51e5c0, 0x0000020c009ef7d0, 0x0000020c009fca10
}

Java Threads: ( => current thread )
  0x0000020c62fbecd0 JavaThread "main" [_thread_in_Java, id=7576, stack(0x0000003562300000,0x0000003562400000)]
  0x0000020c7f4850e0 JavaThread "Reference Handler" daemon [_thread_blocked, id=800, stack(0x0000003562a00000,0x0000003562b00000)]
  0x0000020c7f486f60 JavaThread "Finalizer" daemon [_thread_blocked, id=2740, stack(0x0000003562b00000,0x0000003562c00000)]
  0x0000020c7f49ba40 JavaThread "Signal Dispatcher" daemon [_thread_blocked, id=4236, stack(0x0000003562c00000,0x0000003562d00000)]
  0x0000020c7f49c5f0 JavaThread "Attach Listener" daemon [_thread_blocked, id=9348, stack(0x0000003562d00000,0x0000003562e00000)]
  0x0000020c7f49d1a0 JavaThread "Service Thread" daemon [_thread_blocked, id=5392, stack(0x0000003562e00000,0x0000003562f00000)]
  0x0000020c7f49fb60 JavaThread "Monitor Deflation Thread" daemon [_thread_blocked, id=8672, stack(0x0000003562f00000,0x0000003563000000)]
=>0x0000020c7f4a3df0 JavaThread "C2 CompilerThread0" daemon [_thread_in_native, id=10640, stack(0x0000003563000000,0x0000003563100000)]
  0x0000020c7f4d7430 JavaThread "C1 CompilerThread0" daemon [_thread_blocked, id=288, stack(0x0000003563100000,0x0000003563200000)]
  0x0000020c7f51e5c0 JavaThread "Sweeper thread" daemon [_thread_blocked, id=9340, stack(0x0000003563200000,0x0000003563300000)]
  0x0000020c009ef7d0 JavaThread "Notification Thread" daemon [_thread_blocked, id=1784, stack(0x0000003563300000,0x0000003563400000)]
  0x0000020c009fca10 JavaThread "Common-Cleaner" daemon [_thread_blocked, id=3888, stack(0x0000003563500000,0x0000003563600000)]

Other Threads:
  0x0000020c6308e060 VMThread "VM Thread" [stack: 0x0000003562900000,0x0000003562a00000] [id=9380]
  0x0000020c630130a0 WatcherThread [stack: 0x0000003563400000,0x0000003563500000] [id=2328]
  0x0000020c62ff3160 GCTaskThread "GC Thread#0" [stack: 0x0000003562400000,0x0000003562500000] [id=10548]
  0x0000020c63000cf0 ConcurrentGCThread "G1 Main Marker" [stack: 0x0000003562500000,0x0000003562600000] [id=368]
  0x0000020c63001ea0 ConcurrentGCThread "G1 Conc#0" [stack: 0x0000003562600000,0x0000003562700000] [id=1412]
  0x0000020c63067110 ConcurrentGCThread "G1 Refine#0" [stack: 0x0000003562700000,0x0000003562800000] [id=11012]
  0x0000020c63067b30 ConcurrentGCThread "G1 Service" [stack: 0x0000003562800000,0x0000003562900000] [id=3528]

Threads with active compile tasks:
C2 CompilerThread0      154   15       4       java.lang.StringLatin1::hashCode (42 bytes)

VM state: not at safepoint (normal execution)

VM Mutex/Monitor currently owned by a thread: None

Heap address: 0x00000000a1e00000, size: 1506 MB, Compressed Oops mode: 32-bit

CDS archive(s) mapped at: [0x0000000800000000-0x0000000800bc0000-0x0000000800bc0000), size 12320768, SharedBaseAddress: 0x0000000800000000, ArchiveRelocationMode: 0.
Compressed class space mapped at: 0x0000000800c00000-0x0000000840c00000, reserved size: 1073741824
Narrow klass base: 0x0000000800000000, Narrow klass shift: 0, Narrow klass range: 0x100000000

GC Precious Log:
 CPUs: 4 total, 4 available
 Memory: 6017M
 Large Page Support: Disabled
 NUMA Support: Disabled
 Compressed Oops: Enabled (32-bit)
 Heap Region Size: 1M
 Heap Min Capacity: 8M
 Heap Initial Capacity: 96M
 Heap Max Capacity: 1506M
 Pre-touch: Disabled
 Parallel Workers: 4
 Concurrent Workers: 1
 Concurrent Refinement Workers: 4
 Periodic GC: Disabled

Heap:
 garbage-first heap   total 98304K, used 1024K [0x00000000a1e00000, 0x0000000100000000)
  region size 1024K, 2 young (2048K), 0 survivors (0K)
 Metaspace       used 868K, committed 1088K, reserved 1056768K
  class space    used 75K, committed 192K, reserved 1048576K

Heap Regions: E=young(eden), S=young(survivor), O=old, HS=humongous(starts), HC=humongous(continues), CS=collection set, F=free, OA=open archive, CA=closed archive, TAMS=top-at-mark-start (previous, next)
|   0|0x00000000a1e00000, 0x00000000a1e00000, 0x00000000a1f00000|  0%| F|  |TAMS 0x00000000a1e00000, 0x00000000a1e00000| Untracked 
|   1|0x00000000a1f00000, 0x00000000a1f00000, 0x00000000a2000000|  0%| F|  |TAMS 0x00000000a1f00000, 0x00000000a1f00000| Untracked 
|   2|0x00000000a2000000, 0x00000000a2000000, 0x00000000a2100000|  0%| F|  |TAMS 0x00000000a2000000, 0x00000000a2000000| Untracked 
|   3|0x00000000a2100000, 0x00000000a2100000, 0x00000000a2200000|  0%| F|  |TAMS 0x00000000a2100000, 0x00000000a2100000| Untracked 
|   4|0x00000000a2200000, 0x00000000a2200000, 0x00000000a2300000|  0%| F|  |TAMS 0x00000000a2200000, 0x00000000a2200000| Untracked 
|   5|0x00000000a2300000, 0x00000000a2300000, 0x00000000a2400000|  0%| F|  |TAMS 0x00000000a2300000, 0x00000000a2300000| Untracked 
|   6|0x00000000a2400000, 0x00000000a2400000, 0x00000000a2500000|  0%| F|  |TAMS 0x00000000a2400000, 0x00000000a2400000| Untracked 
|   7|0x00000000a2500000, 0x00000000a2500000, 0x00000000a2600000|  0%| F|  |TAMS 0x00000000a2500000, 0x00000000a2500000| Untracked 
|   8|0x00000000a2600000, 0x00000000a2600000, 0x00000000a2700000|  0%| F|  |TAMS 0x00000000a2600000, 0x00000000a2600000| Untracked 
|   9|0x00000000a2700000, 0x00000000a2700000, 0x00000000a2800000|  0%| F|  |TAMS 0x00000000a2700000, 0x00000000a2700000| Untracked 
|  10|0x00000000a2800000, 0x00000000a2800000, 0x00000000a2900000|  0%| F|  |TAMS 0x00000000a2800000, 0x00000000a2800000| Untracked 
|  11|0x00000000a2900000, 0x00000000a2900000, 0x00000000a2a00000|  0%| F|  |TAMS 0x00000000a2900000, 0x00000000a2900000| Untracked 
|  12|0x00000000a2a00000, 0x00000000a2a00000, 0x00000000a2b00000|  0%| F|  |TAMS 0x00000000a2a00000, 0x00000000a2a00000| Untracked 
|  13|0x00000000a2b00000, 0x00000000a2b00000, 0x00000000a2c00000|  0%| F|  |TAMS 0x00000000a2b00000, 0x00000000a2b00000| Untracked 
|  14|0x00000000a2c00000, 0x00000000a2c00000, 0x00000000a2d00000|  0%| F|  |TAMS 0x00000000a2c00000, 0x00000000a2c00000| Untracked 
|  15|0x00000000a2d00000, 0x00000000a2d00000, 0x00000000a2e00000|  0%| F|  |TAMS 0x00000000a2d00000, 0x00000000a2d00000| Untracked 
|  16|0x00000000a2e00000, 0x00000000a2e00000, 0x00000000a2f00000|  0%| F|  |TAMS 0x00000000a2e00000, 0x00000000a2e00000| Untracked 
|  17|0x00000000a2f00000, 0x00000000a2f00000, 0x00000000a3000000|  0%| F|  |TAMS 0x00000000a2f00000, 0x00000000a2f00000| Untracked 
|  18|0x00000000a3000000, 0x00000000a3000000, 0x00000000a3100000|  0%| F|  |TAMS 0x00000000a3000000, 0x00000000a3000000| Untracked 
|  19|0x00000000a3100000, 0x00000000a3100000, 0x00000000a3200000|  0%| F|  |TAMS 0x00000000a3100000, 0x00000000a3100000| Untracked 
|  20|0x00000000a3200000, 0x00000000a3200000, 0x00000000a3300000|  0%| F|  |TAMS 0x00000000a3200000, 0x00000000a3200000| Untracked 
|  21|0x00000000a3300000, 0x00000000a3300000, 0x00000000a3400000|  0%| F|  |TAMS 0x00000000a3300000, 0x00000000a3300000| Untracked 
|  22|0x00000000a3400000, 0x00000000a3400000, 0x00000000a3500000|  0%| F|  |TAMS 0x00000000a3400000, 0x00000000a3400000| Untracked 
|  23|0x00000000a3500000, 0x00000000a3500000, 0x00000000a3600000|  0%| F|  |TAMS 0x00000000a3500000, 0x00000000a3500000| Untracked 
|  24|0x00000000a3600000, 0x00000000a3600000, 0x00000000a3700000|  0%| F|  |TAMS 0x00000000a3600000, 0x00000000a3600000| Untracked 
|  25|0x00000000a3700000, 0x00000000a3700000, 0x00000000a3800000|  0%| F|  |TAMS 0x00000000a3700000, 0x00000000a3700000| Untracked 
|  26|0x00000000a3800000, 0x00000000a3800000, 0x00000000a3900000|  0%| F|  |TAMS 0x00000000a3800000, 0x00000000a3800000| Untracked 
|  27|0x00000000a3900000, 0x00000000a3900000, 0x00000000a3a00000|  0%| F|  |TAMS 0x00000000a3900000, 0x00000000a3900000| Untracked 
|  28|0x00000000a3a00000, 0x00000000a3a00000, 0x00000000a3b00000|  0%| F|  |TAMS 0x00000000a3a00000, 0x00000000a3a00000| Untracked 
|  29|0x00000000a3b00000, 0x00000000a3b00000, 0x00000000a3c00000|  0%| F|  |TAMS 0x00000000a3b00000, 0x00000000a3b00000| Untracked 
|  30|0x00000000a3c00000, 0x00000000a3c00000, 0x00000000a3d00000|  0%| F|  |TAMS 0x00000000a3c00000, 0x00000000a3c00000| Untracked 
|  31|0x00000000a3d00000, 0x00000000a3d00000, 0x00000000a3e00000|  0%| F|  |TAMS 0x00000000a3d00000, 0x00000000a3d00000| Untracked 
|  32|0x00000000a3e00000, 0x00000000a3e00000, 0x00000000a3f00000|  0%| F|  |TAMS 0x00000000a3e00000, 0x00000000a3e00000| Untracked 
|  33|0x00000000a3f00000, 0x00000000a3f00000, 0x00000000a4000000|  0%| F|  |TAMS 0x00000000a3f00000, 0x00000000a3f00000| Untracked 
|  34|0x00000000a4000000, 0x00000000a4000000, 0x00000000a4100000|  0%| F|  |TAMS 0x00000000a4000000, 0x00000000a4000000| Untracked 
|  35|0x00000000a4100000, 0x00000000a4100000, 0x00000000a4200000|  0%| F|  |TAMS 0x00000000a4100000, 0x00000000a4100000| Untracked 
|  36|0x00000000a4200000, 0x00000000a4200000, 0x00000000a4300000|  0%| F|  |TAMS 0x00000000a4200000, 0x00000000a4200000| Untracked 
|  37|0x00000000a4300000, 0x00000000a4300000, 0x00000000a4400000|  0%| F|  |TAMS 0x00000000a4300000, 0x00000000a4300000| Untracked 
|  38|0x00000000a4400000, 0x00000000a4400000, 0x00000000a4500000|  0%| F|  |TAMS 0x00000000a4400000, 0x00000000a4400000| Untracked 
|  39|0x00000000a4500000, 0x00000000a4500000, 0x00000000a4600000|  0%| F|  |TAMS 0x00000000a4500000, 0x00000000a4500000| Untracked 
|  40|0x00000000a4600000, 0x00000000a4600000, 0x00000000a4700000|  0%| F|  |TAMS 0x00000000a4600000, 0x00000000a4600000| Untracked 
|  41|0x00000000a4700000, 0x00000000a4700000, 0x00000000a4800000|  0%| F|  |TAMS 0x00000000a4700000, 0x00000000a4700000| Untracked 
|  42|0x00000000a4800000, 0x00000000a4800000, 0x00000000a4900000|  0%| F|  |TAMS 0x00000000a4800000, 0x00000000a4800000| Untracked 
|  43|0x00000000a4900000, 0x00000000a4900000, 0x00000000a4a00000|  0%| F|  |TAMS 0x00000000a4900000, 0x00000000a4900000| Untracked 
|  44|0x00000000a4a00000, 0x00000000a4a00000, 0x00000000a4b00000|  0%| F|  |TAMS 0x00000000a4a00000, 0x00000000a4a00000| Untracked 
|  45|0x00000000a4b00000, 0x00000000a4b00000, 0x00000000a4c00000|  0%| F|  |TAMS 0x00000000a4b00000, 0x00000000a4b00000| Untracked 
|  46|0x00000000a4c00000, 0x00000000a4c00000, 0x00000000a4d00000|  0%| F|  |TAMS 0x00000000a4c00000, 0x00000000a4c00000| Untracked 
|  47|0x00000000a4d00000, 0x00000000a4d00000, 0x00000000a4e00000|  0%| F|  |TAMS 0x00000000a4d00000, 0x00000000a4d00000| Untracked 
|  48|0x00000000a4e00000, 0x00000000a4e00000, 0x00000000a4f00000|  0%| F|  |TAMS 0x00000000a4e00000, 0x00000000a4e00000| Untracked 
|  49|0x00000000a4f00000, 0x00000000a4f00000, 0x00000000a5000000|  0%| F|  |TAMS 0x00000000a4f00000, 0x00000000a4f00000| Untracked 
|  50|0x00000000a5000000, 0x00000000a5000000, 0x00000000a5100000|  0%| F|  |TAMS 0x00000000a5000000, 0x00000000a5000000| Untracked 
|  51|0x00000000a5100000, 0x00000000a5100000, 0x00000000a5200000|  0%| F|  |TAMS 0x00000000a5100000, 0x00000000a5100000| Untracked 
|  52|0x00000000a5200000, 0x00000000a5200000, 0x00000000a5300000|  0%| F|  |TAMS 0x00000000a5200000, 0x00000000a5200000| Untracked 
|  53|0x00000000a5300000, 0x00000000a5300000, 0x00000000a5400000|  0%| F|  |TAMS 0x00000000a5300000, 0x00000000a5300000| Untracked 
|  54|0x00000000a5400000, 0x00000000a5400000, 0x00000000a5500000|  0%| F|  |TAMS 0x00000000a5400000, 0x00000000a5400000| Untracked 
|  55|0x00000000a5500000, 0x00000000a5500000, 0x00000000a5600000|  0%| F|  |TAMS 0x00000000a5500000, 0x00000000a5500000| Untracked 
|  56|0x00000000a5600000, 0x00000000a5600000, 0x00000000a5700000|  0%| F|  |TAMS 0x00000000a5600000, 0x00000000a5600000| Untracked 
|  57|0x00000000a5700000, 0x00000000a5700000, 0x00000000a5800000|  0%| F|  |TAMS 0x00000000a5700000, 0x00000000a5700000| Untracked 
|  58|0x00000000a5800000, 0x00000000a5800000, 0x00000000a5900000|  0%| F|  |TAMS 0x00000000a5800000, 0x00000000a5800000| Untracked 
|  59|0x00000000a5900000, 0x00000000a5900000, 0x00000000a5a00000|  0%| F|  |TAMS 0x00000000a5900000, 0x00000000a5900000| Untracked 
|  60|0x00000000a5a00000, 0x00000000a5a00000, 0x00000000a5b00000|  0%| F|  |TAMS 0x00000000a5a00000, 0x00000000a5a00000| Untracked 
|  61|0x00000000a5b00000, 0x00000000a5b00000, 0x00000000a5c00000|  0%| F|  |TAMS 0x00000000a5b00000, 0x00000000a5b00000| Untracked 
|  62|0x00000000a5c00000, 0x00000000a5c00000, 0x00000000a5d00000|  0%| F|  |TAMS 0x00000000a5c00000, 0x00000000a5c00000| Untracked 
|  63|0x00000000a5d00000, 0x00000000a5d00000, 0x00000000a5e00000|  0%| F|  |TAMS 0x00000000a5d00000, 0x00000000a5d00000| Untracked 
|  64|0x00000000a5e00000, 0x00000000a5e00000, 0x00000000a5f00000|  0%| F|  |TAMS 0x00000000a5e00000, 0x00000000a5e00000| Untracked 
|  65|0x00000000a5f00000, 0x00000000a5f00000, 0x00000000a6000000|  0%| F|  |TAMS 0x00000000a5f00000, 0x00000000a5f00000| Untracked 
|  66|0x00000000a6000000, 0x00000000a6000000, 0x00000000a6100000|  0%| F|  |TAMS 0x00000000a6000000, 0x00000000a6000000| Untracked 
|  67|0x00000000a6100000, 0x00000000a6100000, 0x00000000a6200000|  0%| F|  |TAMS 0x00000000a6100000, 0x00000000a6100000| Untracked 
|  68|0x00000000a6200000, 0x00000000a6200000, 0x00000000a6300000|  0%| F|  |TAMS 0x00000000a6200000, 0x00000000a6200000| Untracked 
|  69|0x00000000a6300000, 0x00000000a6300000, 0x00000000a6400000|  0%| F|  |TAMS 0x00000000a6300000, 0x00000000a6300000| Untracked 
|  70|0x00000000a6400000, 0x00000000a6400000, 0x00000000a6500000|  0%| F|  |TAMS 0x00000000a6400000, 0x00000000a6400000| Untracked 
|  71|0x00000000a6500000, 0x00000000a6500000, 0x00000000a6600000|  0%| F|  |TAMS 0x00000000a6500000, 0x00000000a6500000| Untracked 
|  72|0x00000000a6600000, 0x00000000a6600000, 0x00000000a6700000|  0%| F|  |TAMS 0x00000000a6600000, 0x00000000a6600000| Untracked 
|  73|0x00000000a6700000, 0x00000000a6700000, 0x00000000a6800000|  0%| F|  |TAMS 0x00000000a6700000, 0x00000000a6700000| Untracked 
|  74|0x00000000a6800000, 0x00000000a6800000, 0x00000000a6900000|  0%| F|  |TAMS 0x00000000a6800000, 0x00000000a6800000| Untracked 
|  75|0x00000000a6900000, 0x00000000a6900000, 0x00000000a6a00000|  0%| F|  |TAMS 0x00000000a6900000, 0x00000000a6900000| Untracked 
|  76|0x00000000a6a00000, 0x00000000a6a00000, 0x00000000a6b00000|  0%| F|  |TAMS 0x00000000a6a00000, 0x00000000a6a00000| Untracked 
|  77|0x00000000a6b00000, 0x00000000a6b00000, 0x00000000a6c00000|  0%| F|  |TAMS 0x00000000a6b00000, 0x00000000a6b00000| Untracked 
|  78|0x00000000a6c00000, 0x00000000a6c00000, 0x00000000a6d00000|  0%| F|  |TAMS 0x00000000a6c00000, 0x00000000a6c00000| Untracked 
|  79|0x00000000a6d00000, 0x00000000a6d00000, 0x00000000a6e00000|  0%| F|  |TAMS 0x00000000a6d00000, 0x00000000a6d00000| Untracked 
|  80|0x00000000a6e00000, 0x00000000a6e00000, 0x00000000a6f00000|  0%| F|  |TAMS 0x00000000a6e00000, 0x00000000a6e00000| Untracked 
|  81|0x00000000a6f00000, 0x00000000a6f00000, 0x00000000a7000000|  0%| F|  |TAMS 0x00000000a6f00000, 0x00000000a6f00000| Untracked 
|  82|0x00000000a7000000, 0x00000000a7000000, 0x00000000a7100000|  0%| F|  |TAMS 0x00000000a7000000, 0x00000000a7000000| Untracked 
|  83|0x00000000a7100000, 0x00000000a7100000, 0x00000000a7200000|  0%| F|  |TAMS 0x00000000a7100000, 0x00000000a7100000| Untracked 
|  84|0x00000000a7200000, 0x00000000a7200000, 0x00000000a7300000|  0%| F|  |TAMS 0x00000000a7200000, 0x00000000a7200000| Untracked 
|  85|0x00000000a7300000, 0x00000000a7300000, 0x00000000a7400000|  0%| F|  |TAMS 0x00000000a7300000, 0x00000000a7300000| Untracked 
|  86|0x00000000a7400000, 0x00000000a7400000, 0x00000000a7500000|  0%| F|  |TAMS 0x00000000a7400000, 0x00000000a7400000| Untracked 
|  87|0x00000000a7500000, 0x00000000a7500000, 0x00000000a7600000|  0%| F|  |TAMS 0x00000000a7500000, 0x00000000a7500000| Untracked 
|  88|0x00000000a7600000, 0x00000000a7600000, 0x00000000a7700000|  0%| F|  |TAMS 0x00000000a7600000, 0x00000000a7600000| Untracked 
|  89|0x00000000a7700000, 0x00000000a7700000, 0x00000000a7800000|  0%| F|  |TAMS 0x00000000a7700000, 0x00000000a7700000| Untracked 
|  90|0x00000000a7800000, 0x00000000a7800000, 0x00000000a7900000|  0%| F|  |TAMS 0x00000000a7800000, 0x00000000a7800000| Untracked 
|  91|0x00000000a7900000, 0x00000000a7900000, 0x00000000a7a00000|  0%| F|  |TAMS 0x00000000a7900000, 0x00000000a7900000| Untracked 
|  92|0x00000000a7a00000, 0x00000000a7a00000, 0x00000000a7b00000|  0%| F|  |TAMS 0x00000000a7a00000, 0x00000000a7a00000| Untracked 
|  93|0x00000000a7b00000, 0x00000000a7b00000, 0x00000000a7c00000|  0%| F|  |TAMS 0x00000000a7b00000, 0x00000000a7b00000| Untracked 
|  94|0x00000000a7c00000, 0x00000000a7c43110, 0x00000000a7d00000| 26%| E|  |TAMS 0x00000000a7c00000, 0x00000000a7c00000| Complete 
|  95|0x00000000a7d00000, 0x00000000a7e00000, 0x00000000a7e00000|100%| E|CS|TAMS 0x00000000a7d00000, 0x00000000a7d00000| Complete 

Card table byte_map: [0x0000020c79b10000,0x0000020c79e10000] _byte_map_base: 0x0000020c79601000

Marking Bits (Prev, Next): (CMBitMap*) 0x0000020c62ff4780, (CMBitMap*) 0x0000020c62ff47c0
 Prev Bits: [0x0000020c7a110000, 0x0000020c7b898000)
 Next Bits: [0x0000020c7b8a0000, 0x0000020c7d028000)

Polling page: 0x0000020c60d80000

Metaspace:

Usage:
  Non-class:    819.27 KB used.
      Class:     77.89 KB used.
       Both:    897.16 KB used.

Virtual space:
  Non-class space:        8.00 MB reserved,     896.00 KB ( 11%) committed,  1 nodes.
      Class space:        1.00 GB reserved,     192.00 KB ( <1%) committed,  1 nodes.
             Both:        1.01 GB reserved,       1.06 MB ( <1%) committed. 

Chunk freelists:
   Non-Class:  3.99 MB
       Class:  3.74 MB
        Both:  7.73 MB

MaxMetaspaceSize: unlimited
CompressedClassSpaceSize: 1.00 GB
Initial GC threshold: 21.00 MB
Current GC threshold: 21.00 MB
CDS: on
MetaspaceReclaimPolicy: balanced
 - commit_granule_bytes: 65536.
 - commit_granule_words: 8192.
 - virtual_space_node_default_size: 1048576.
 - enlarge_chunks_in_place: 1.
 - new_chunks_are_fully_committed: 0.
 - uncommit_free_chunks: 1.
 - use_allocation_guard: 0.
 - handle_deallocations: 1.


Internal statistics:

num_allocs_failed_limit: 0.
num_arena_births: 4.
num_arena_deaths: 0.
num_vsnodes_births: 2.
num_vsnodes_deaths: 0.
num_space_committed: 17.
num_space_uncommitted: 0.
num_chunks_returned_to_freelist: 0.
num_chunks_taken_from_freelist: 5.
num_chunk_merges: 0.
num_chunk_splits: 2.
num_chunks_enlarged: 1.
num_purges: 0.
num_inconsistent_stats: 0.

CodeHeap 'non-profiled nmethods': size=120000Kb used=22Kb max_used=22Kb free=119977Kb
 bounds [0x0000020c722e0000, 0x0000020c72550000, 0x0000020c79810000]
CodeHeap 'profiled nmethods': size=120000Kb used=102Kb max_used=102Kb free=119897Kb
 bounds [0x0000020c6adb0000, 0x0000020c6b020000, 0x0000020c722e0000]
CodeHeap 'non-nmethods': size=5760Kb used=1082Kb max_used=1082Kb free=4677Kb
 bounds [0x0000020c6a810000, 0x0000020c6aa80000, 0x0000020c6adb0000]
 total_blobs=443 nmethods=92 adapters=264
 compilation: enabled
              stopped_count=0, restarted_count=0
 full_count=0

Compilation events (20 events):
Event: 0.072 Thread 0x0000020c7f4d7430   10       3       java.lang.StringLatin1::equals (36 bytes)
Event: 0.072 Thread 0x0000020c7f4d7430 nmethod 10 0x0000020c6adb3790 code [0x0000020c6adb3940, 0x0000020c6adb3bf8]
Event: 0.073 Thread 0x0000020c7f4d7430   11       3       java.util.Objects::equals (23 bytes)
Event: 0.073 Thread 0x0000020c7f4d7430 nmethod 11 0x0000020c6adb3d10 code [0x0000020c6adb3ec0, 0x0000020c6adb4148]
Event: 0.073 Thread 0x0000020c7f4d7430   12       3       java.util.Set::of (4 bytes)
Event: 0.073 Thread 0x0000020c7f4d7430 nmethod 12 0x0000020c6adb4210 code [0x0000020c6adb43a0, 0x0000020c6adb4498]
Event: 0.074 Thread 0x0000020c7f4d7430   13       3       java.lang.module.ModuleDescriptor$Exports::<init> (20 bytes)
Event: 0.074 Thread 0x0000020c7f4a3df0   15       4       java.lang.StringLatin1::hashCode (42 bytes)
Event: 0.074 Thread 0x0000020c7f4d7430 nmethod 13 0x0000020c6adb4510 code [0x0000020c6adb46c0, 0x0000020c6adb4938]
Event: 0.074 Thread 0x0000020c7f4d7430   14       3       java.lang.module.ModuleDescriptor$Exports::hashCode (38 bytes)
Event: 0.074 Thread 0x0000020c7f4d7430 nmethod 14 0x0000020c6adb4a10 code [0x0000020c6adb4be0, 0x0000020c6adb4ee8]
Event: 0.074 Thread 0x0000020c7f4d7430   16       3       java.util.Objects::requireNonNull (14 bytes)
Event: 0.074 Thread 0x0000020c7f4d7430 nmethod 16 0x0000020c6adb5010 code [0x0000020c6adb51c0, 0x0000020c6adb53a8]
Event: 0.074 Thread 0x0000020c7f4d7430   17       3       java.util.AbstractCollection::<init> (5 bytes)
Event: 0.075 Thread 0x0000020c7f4d7430 nmethod 17 0x0000020c6adb5490 code [0x0000020c6adb5620, 0x0000020c6adb5778]
Event: 0.075 Thread 0x0000020c7f4d7430   18       3       java.util.ImmutableCollections$AbstractImmutableCollection::<init> (5 bytes)
Event: 0.075 Thread 0x0000020c7f4d7430 nmethod 18 0x0000020c6adb5810 code [0x0000020c6adb59c0, 0x0000020c6adb5b78]
Event: 0.075 Thread 0x0000020c7f4d7430   19       3       java.util.ImmutableCollections$AbstractImmutableSet::<init> (5 bytes)
Event: 0.075 Thread 0x0000020c7f4d7430 nmethod 19 0x0000020c6adb5c90 code [0x0000020c6adb5e40, 0x0000020c6adb6078]
Event: 0.075 Thread 0x0000020c7f4d7430   20       3       java.util.Set::of (68 bytes)

GC Heap History (0 events):
No events

Deoptimization events (0 events):
No events

Classes unloaded (0 events):
No events

Classes redefined (0 events):
No events

Internal exceptions (0 events):
No events

VM Operations (0 events):
No events

Events (16 events):
Event: 0.009 Loaded shared library C:\Program Files\Java\jdk-17.0.2\bin\java.dll
Event: 0.023 Loaded shared library C:\Program Files\Java\jdk-17.0.2\bin\jsvml.dll
Event: 0.023 Thread 0x0000020c62fbecd0 Thread added: 0x0000020c62fbecd0
Event: 0.033 Thread 0x0000020c7f4850e0 Thread added: 0x0000020c7f4850e0
Event: 0.033 Thread 0x0000020c7f486f60 Thread added: 0x0000020c7f486f60
Event: 0.051 loading class sun/nio/cs/IBM850
Event: 0.051 loading class sun/nio/cs/IBM850 done
Event: 0.052 loading class sun/nio/cs/IBM850$Holder
Event: 0.053 loading class sun/nio/cs/IBM850$Holder done
Event: 0.056 Thread 0x0000020c7f49ba40 Thread added: 0x0000020c7f49ba40
Event: 0.057 Thread 0x0000020c7f49c5f0 Thread added: 0x0000020c7f49c5f0
Event: 0.057 Thread 0x0000020c7f49d1a0 Thread added: 0x0000020c7f49d1a0
Event: 0.057 Thread 0x0000020c7f49fb60 Thread added: 0x0000020c7f49fb60
Event: 0.057 Thread 0x0000020c7f4a3df0 Thread added: 0x0000020c7f4a3df0
Event: 0.058 Thread 0x0000020c7f4d7430 Thread added: 0x0000020c7f4d7430
Event: 0.060 Thread 0x0000020c7f51e5c0 Thread added: 0x0000020c7f51e5c0


Dynamic libraries:
0x00007ff6dc4d0000 - 0x00007ff6dc4e0000 	C:\Program Files\Java\jdk-17.0.2\bin\java.exe
0x00007fffa4b00000 - 0x00007fffa4cf0000 	C:\WINDOWS\SYSTEM32\ntdll.dll
0x00007fffa3b50000 - 0x00007fffa3c02000 	C:\WINDOWS\System32\KERNEL32.DLL
0x00007fffa20e0000 - 0x00007fffa2385000 	C:\WINDOWS\System32\KERNELBASE.dll
0x00007fffa1aa0000 - 0x00007fffa1b9a000 	C:\WINDOWS\System32\ucrtbase.dll
0x00007fff93630000 - 0x00007fff9364a000 	C:\Program Files\Java\jdk-17.0.2\bin\VCRUNTIME140.dll
0x00007fff82940000 - 0x00007fff82958000 	C:\Program Files\Java\jdk-17.0.2\bin\jli.dll
0x00007fffa2f90000 - 0x00007fffa3033000 	C:\WINDOWS\System32\ADVAPI32.dll
0x00007fffa3060000 - 0x00007fffa30fe000 	C:\WINDOWS\System32\msvcrt.dll
0x00007fffa4a20000 - 0x00007fffa4ab7000 	C:\WINDOWS\System32\sechost.dll
0x00007fffa3170000 - 0x00007fffa328f000 	C:\WINDOWS\System32\RPCRT4.dll
0x00007fffa3f90000 - 0x00007fffa4124000 	C:\WINDOWS\System32\USER32.dll
0x00007fff92310000 - 0x00007fff92594000 	C:\WINDOWS\WinSxS\amd64_microsoft.windows.common-controls_6595b64144ccf1df_6.0.18362.1556_none_9e7e372fe45e41d5\COMCTL32.dll
0x00007fffa1da0000 - 0x00007fffa1dc1000 	C:\WINDOWS\System32\win32u.dll
0x00007fffa46e0000 - 0x00007fffa4a16000 	C:\WINDOWS\System32\combase.dll
0x00007fffa3ef0000 - 0x00007fffa3f16000 	C:\WINDOWS\System32\GDI32.dll
0x00007fffa1ea0000 - 0x00007fffa1f21000 	C:\WINDOWS\System32\bcryptPrimitives.dll
0x00007fffa1c00000 - 0x00007fffa1d98000 	C:\WINDOWS\System32\gdi32full.dll
0x00007fffa2b10000 - 0x00007fffa2bae000 	C:\WINDOWS\System32\msvcp_win.dll
0x00007fff906a0000 - 0x00007fff906aa000 	C:\WINDOWS\SYSTEM32\VERSION.dll
0x00007fffa2e60000 - 0x00007fffa2e8e000 	C:\WINDOWS\System32\IMM32.DLL
0x00007fff987d0000 - 0x00007fff987dc000 	C:\Program Files\Java\jdk-17.0.2\bin\vcruntime140_1.dll
0x00007fff6f750000 - 0x00007fff6f7dd000 	C:\Program Files\Java\jdk-17.0.2\bin\msvcp140.dll
0x00007fff63020000 - 0x00007fff63be1000 	C:\Program Files\Java\jdk-17.0.2\bin\server\jvm.dll
0x00007fffa2d90000 - 0x00007fffa2d98000 	C:\WINDOWS\System32\PSAPI.DLL
0x00007fff9faf0000 - 0x00007fff9fb14000 	C:\WINDOWS\SYSTEM32\WINMM.dll
0x00007fff96af0000 - 0x00007fff96af9000 	C:\WINDOWS\SYSTEM32\WSOCK32.dll
0x00007fffa3100000 - 0x00007fffa316f000 	C:\WINDOWS\System32\WS2_32.dll
0x00007fff9f990000 - 0x00007fff9f9bd000 	C:\WINDOWS\SYSTEM32\WINMMBASE.dll
0x00007fffa1f30000 - 0x00007fffa1f7a000 	C:\WINDOWS\System32\cfgmgr32.dll
0x00007fffa19e0000 - 0x00007fffa19f1000 	C:\WINDOWS\System32\kernel.appcore.dll
0x00007fff96b50000 - 0x00007fff96b5a000 	C:\Program Files\Java\jdk-17.0.2\bin\jimage.dll
0x00007fff8dbd0000 - 0x00007fff8ddc4000 	C:\WINDOWS\SYSTEM32\DBGHELP.DLL
0x00007fff8f510000 - 0x00007fff8f53a000 	C:\WINDOWS\SYSTEM32\dbgcore.DLL
0x00007fff7bc10000 - 0x00007fff7bc35000 	C:\Program Files\Java\jdk-17.0.2\bin\java.dll
0x00007fff6e130000 - 0x00007fff6e206000 	C:\Program Files\Java\jdk-17.0.2\bin\jsvml.dll
0x00007fffa3460000 - 0x00007fffa3b47000 	C:\WINDOWS\System32\SHELL32.dll
0x00007fffa2bb0000 - 0x00007fffa2c58000 	C:\WINDOWS\System32\shcore.dll
0x00007fffa2390000 - 0x00007fffa2b0b000 	C:\WINDOWS\System32\windows.storage.dll
0x00007fffa1a00000 - 0x00007fffa1a1e000 	C:\WINDOWS\System32\profapi.dll
0x00007fffa1a20000 - 0x00007fffa1a6a000 	C:\WINDOWS\System32\powrprof.dll
0x00007fffa19b0000 - 0x00007fffa19c0000 	C:\WINDOWS\System32\UMPDC.dll
0x00007fffa2d30000 - 0x00007fffa2d82000 	C:\WINDOWS\System32\shlwapi.dll
0x00007fffa1dd0000 - 0x00007fffa1de7000 	C:\WINDOWS\System32\cryptsp.dll

dbghelp: loaded successfully - version: 4.0.5 - missing functions: none
symbol engine: initialized successfully - sym options: 0x614 - pdb path: .;C:\Program Files\Java\jdk-17.0.2\bin;C:\WINDOWS\SYSTEM32;C:\WINDOWS\WinSxS\amd64_microsoft.windows.common-controls_6595b64144ccf1df_6.0.18362.1556_none_9e7e372fe45e41d5;C:\Program Files\Java\jdk-17.0.2\bin\server

VM Arguments:
jvm_args: --enable-preview -XX:+ShowCodeDetailsInExceptionMessages 
java_command: calculadora.diseño
java_class_path (initial): C:\Users\LENOVO\AppData\Roaming\Code\User\workspaceStorage\be547b9790f432278a1aba5013de16f3\redhat.java\jdt_ws\CALCULADORA_1f121996\bin
Launcher Type: SUN_STANDARD

[Global flags]
     intx CICompilerCount                          = 3                                         {product} {ergonomic}
     uint ConcGCThreads                            = 1                                         {product} {ergonomic}
     uint G1ConcRefinementThreads                  = 4                                         {product} {ergonomic}
   size_t G1HeapRegionSize                         = 1048576                                   {product} {ergonomic}
    uintx GCDrainStackTargetSize                   = 64                                        {product} {ergonomic}
   size_t InitialHeapSize                          = 100663296                                 {product} {ergonomic}
   size_t MarkStackSize                            = 4194304                                   {product} {ergonomic}
   size_t MaxHeapSize                              = 1579155456                                {product} {ergonomic}
   size_t MaxNewSize                               = 946864128                                 {product} {ergonomic}
   size_t MinHeapDeltaBytes                        = 1048576                                   {product} {ergonomic}
   size_t MinHeapSize                              = 8388608                                   {product} {ergonomic}
    uintx NonNMethodCodeHeapSize                   = 5832780                                {pd product} {ergonomic}
    uintx NonProfiledCodeHeapSize                  = 122912730                              {pd product} {ergonomic}
    uintx ProfiledCodeHeapSize                     = 122912730                              {pd product} {ergonomic}
    uintx ReservedCodeCacheSize                    = 251658240                              {pd product} {ergonomic}
     bool SegmentedCodeCache                       = true                                      {product} {ergonomic}
     bool ShowCodeDetailsInExceptionMessages       = true                                   {manageable} {command line}
   size_t SoftMaxHeapSize                          = 1579155456                             {manageable} {ergonomic}
     bool UseCompressedClassPointers               = true                           {product lp64_product} {ergonomic}
     bool UseCompressedOops                        = true                           {product lp64_product} {ergonomic}
     bool UseG1GC                                  = true                                      {product} {ergonomic}
     bool UseLargePagesIndividualAllocation        = false                                  {pd product} {ergonomic}

Logging:
Log output configuration:
 #0: stdout all=warning uptime,level,tags
 #1: stderr all=off uptime,level,tags

Environment Variables:
JAVA_HOME=C:\Program Files\Java\jdk-17.0.2\bin
PATH=C:\Program Files\Common Files\Oracle\Java\javapath;"C:\Program Files (x86)\Common Files\Oracle\Java\javapath\;C:\MinGW\bin";C:\WINDOWS\system32;C:\WINDOWS;C:\WINDOWS\System32\Wbem;C:\WINDOWS\System32\WindowsPowerShell\v1.0\;C:\WINDOWS\System32\OpenSSH\;C:\cygwin64\bin;D:\Electronica Analogica\Git\cmd;C:\Program Files\Java\jdk-17.0.2\bin;C:\Program Files\MySQL\MySQL Shell 8.0\bin\;C:\Users\LENOVO\AppData\Local\Microsoft\WindowsApps;C:\Users\LENOVO\AppData\Local\Programs\Microsoft VS Code\bin
USERNAME=LENOVO
LANG=en_US.UTF-8
OS=Windows_NT
PROCESSOR_IDENTIFIER=Intel64 Family 6 Model 78 Stepping 3, GenuineIntel



---------------  S Y S T E M  ---------------

OS:
 Windows 10 , 64 bit Build 18362 (10.0.18362.1500)
OS uptime: 3 days 4:57 hours

CPU: total 4 (initial active 4) (2 cores per cpu, 2 threads per core) family 6 model 78 stepping 3 microcode 0xd6, cx8, cmov, fxsr, ht, mmx, 3dnowpref, sse, sse2, sse3, ssse3, sse4.1, sse4.2, popcnt, lzcnt, tsc, tscinvbit, avx, avx2, aes, erms, clmul, bmi1, bmi2, rtm, adx, fma, vzeroupper, clflush, clflushopt

Memory: 4k page, system-wide physical 6017M (791M free)
TotalPageFile size 9313M (AvailPageFile size 5M)
current process WorkingSet (physical memory assigned to process): 30M, peak: 30M
current process commit charge ("private bytes"): 169M, peak: 169M

vm_info: Java HotSpot(TM) 64-Bit Server VM (17.0.2+8-LTS-86) for windows-amd64 JRE (17.0.2+8-LTS-86), built on Dec  7 2021 21:51:03 by "mach5one" with MS VC++ 16.8 / 16.9 (VS2019)

END.
